integer(0)
[1] "Running VIRIDIC step1: calculation of intergenomic similarities"
[1] "projdir=/home/rocknhu/phagesnake/output/vB_VpP_AC2_0/1.nucleotide_alignment/viridic_out"                  
[2] "in=/home/rocknhu/phagesnake/output/vB_VpP_AC2_0/1.nucleotide_alignment/viridic_out/combined_neibour.fasta"
[3] "res=similarity"                                                                                           
[4] "bln=-word_size 7 -reward 2 -penalty -3 -gapopen 5 -gapextend 2"                                           
[5] "ncor=10"                                                                                                  
[6] "functions_path=/home/rocknhu/phagesnake/external_software/viridic/VIRIDIC_functions.R"                    
[7] "ram_max=2097152000"                                                                                       
[1] "future.globals.maxSize is 2097152000"
[1] "Running VIRIDIC step2: clustering"
[1] "projdir=/home/rocknhu/phagesnake/output/vB_VpP_AC2_0/1.nucleotide_alignment/viridic_out"
[2] "clust=complete"                                                                         
[3] "res=similarity"                                                                         
[4] "thsp=95"                                                                                
[5] "thgen=70"                                                                               
[6] "functions_path=/home/rocknhu/phagesnake/external_software/viridic/VIRIDIC_functions.R"  
[7] "ram_max=2097152000"                                                                     
[1] "future.globals.maxSize is 2097152000"
[1] "Running VIRIDIC step3: heatmap"
 [1] "projdir=/home/rocknhu/phagesnake/output/vB_VpP_AC2_0/1.nucleotide_alignment/viridic_out"
 [2] "res=similarity"                                                                         
 [3] "sim_cols=PuBuGn"                                                                        
 [4] "cols_Alig=peachpuff"                                                                    
 [5] "cols_Frac=black"                                                                        
 [6] "col_border_sim=none"                                                                    
 [7] "col_border_frac=none"                                                                   
 [8] "show_sim=TRUE"                                                                          
 [9] "show_sqLenFrac=TRUE"                                                                    
[10] "show_qAligFrac=TRUE"                                                                    
[11] "show_sAligFrac=TRUE"                                                                    
[12] "font_sim=8"                                                                             
[13] "font_sqLenFrac=4"                                                                       
[14] "font_qAligFrac=4"                                                                       
[15] "font_sAligFrac=4"                                                                       
[16] "font_row=12"                                                                            
[17] "font_col=12"                                                                            
[18] "annot_height=0.01"                                                                      
[19] "annot_font=0.5"                                                                         
[20] "annot_rot=270"                                                                          
[21] "lgd_width=1"                                                                            
[22] "lgd_font=0.1"                                                                           
[23] "lgd_pos=topleft"                                                                        
[24] "lgd_lab_font=0.05"                                                                      
[25] "sim_for_frac=0"                                                                         
[26] "sim_for_sim=0"                                                                          
[27] "lgd_height=0.1"                                                                         
[1] 0.1
[1] 0.05
null device 
          1 
[1] "VIRIDIC has finished ALL steps."
