IQ-TREE multicore version 2.2.0.3 COVID-edition for Linux 64-bit built Aug  2 2022
Developed by Bui Quang Minh, James Barbetti, Nguyen Lam Tung,
Olga Chernomor, Heiko Schmidt, Dominik Schrempf, Michael Woodhams, Ly Trong Nhan.

Host:    master01 (AVX2, FMA3, 944 GB RAM)
Command: iqtree -s output/BA3_CA8_1/4.TerL_phylogenetic_tree/TerL_tree/TerL.aln -T 20 -B 1000 --redo-tree
Seed:    104200 (Using SPRNG - Scalable Parallel Random Number Generator)
Time:    Sat Dec  2 00:37:14 2023
Kernel:  AVX+FMA - 20 threads (160 CPU cores detected)

Reading alignment file output/BA3_CA8_1/4.TerL_phylogenetic_tree/TerL_tree/TerL.aln ... Fasta format detected
Reading fasta file: done in 0.000629889 secs using 26.04% CPU
Alignment most likely contains protein sequences
Constructing alignment: done in 0.00237956 secs using 1345% CPU
Alignment has 16 sequences with 535 columns, 262 distinct patterns
186 parsimony-informative, 53 singleton sites, 296 constant sites
WARNING: Some sequence names are changed as follows:
UNVERIFIED:_Vibrio_phage_VspDsh_1 -> UNVERIFIED__Vibrio_phage_VspDsh_1
UNVERIFIED:_Vibrio_phage_GH32 -> UNVERIFIED__Vibrio_phage_GH32

                                               Gap/Ambiguity  Composition  p-value
Analyzing sequences: done in 0.0142248 secs using 243% CPU
   1  UNVERIFIED__Vibrio_phage_VspDsh_1                2.43%    passed    100.00%
   2  Vibrio_phage_V07                                 2.43%    passed    100.00%
   3  Vibrio_phage_1.207.B._10N.222.51.C2              3.36%    passed     99.99%
   4  Vibrio_phage_vB_VpaS_CHI                         1.50%    passed    100.00%
   5  Vibrio_phage_vB_VhaS-tm                          1.68%    passed    100.00%
   6  Vibrio_phage_1.117.O._10N.261.45.E9              3.36%    passed     99.99%
   7  Alteromonas_phage_vB_AcoS-R7M                    2.43%    passed     99.91%
   8  Vibrio_phage_PH669_Scaffold1_genomic_sequence    2.43%    passed    100.00%
   9  Vibrio_phage_2.117.O._10N.261.45.E9              3.36%    passed     99.99%
  10  Vibrio_phage_vB_VpS_BA3                          2.43%    passed    100.00%
  11  UNVERIFIED__Vibrio_phage_GH32                    4.11%    passed    100.00%
  12  Vibrio_phage_pVco-14                             1.68%    passed    100.00%
  13  Vibrio_phage_vB_VpaS_ALK                         1.50%    passed    100.00%
  14  Vibrio_phage_vB_VpaS_AL-2                        2.43%    passed    100.00%
  15  Vibrio_phage_vB_VpS_CA8                          2.43%    passed    100.00%
  16  BA3_CA8_1                                        2.43%    passed    100.00%
****  TOTAL                                            2.50%  0 sequences failed composition chi2 test (p-value<5%; df=19)
NOTE: Vibrio_phage_vB_VpS_BA3 is identical to UNVERIFIED__Vibrio_phage_VspDsh_1 but kept for subsequent analysis
NOTE: Vibrio_phage_1.117.O._10N.261.45.E9 is identical to Vibrio_phage_1.207.B._10N.222.51.C2 but kept for subsequent analysis
NOTE: Vibrio_phage_vB_VpaS_ALK is identical to Vibrio_phage_vB_VpaS_CHI but kept for subsequent analysis
Checking for duplicate sequences: done in 0.00404196 secs using 1443% CPU
Identifying sites to remove: done in 0.000734144 secs using 231.4% CPU
NOTE: 3 identical sequences (see below) will be ignored for subsequent analysis
NOTE: Vibrio_phage_vB_VpS_CA8 (identical to UNVERIFIED__Vibrio_phage_VspDsh_1) is ignored but added at the end
NOTE: BA3_CA8_1 (identical to UNVERIFIED__Vibrio_phage_VspDsh_1) is ignored but added at the end
NOTE: Vibrio_phage_2.117.O._10N.261.45.E9 (identical to Vibrio_phage_1.207.B._10N.222.51.C2) is ignored but added at the end
Alignment was printed to output/BA3_CA8_1/4.TerL_phylogenetic_tree/TerL_tree/TerL.aln.uniqueseq.phy

For your convenience alignment with unique sequences printed to output/BA3_CA8_1/4.TerL_phylogenetic_tree/TerL_tree/TerL.aln.uniqueseq.phy


Create initial parsimony tree by phylogenetic likelihood library (PLL)... 0.001 seconds
WARNING: Number of threads seems too high for short alignments. Use -T AUTO to determine best number of threads.
Perform fast likelihood tree search using LG+I+G model...
Estimate model parameters (epsilon = 5.000)
Perform nearest neighbor interchange...
Optimizing NNI: done in 6.53952 secs using 435.7% CPU
Estimate model parameters (epsilon = 1.000)
1. Initial log-likelihood: -3812.170
Optimal log-likelihood: -3812.168
Proportion of invariable sites: 0.274
Gamma shape alpha: 1.232
Parameters optimization took 1 rounds (1.092 sec)
Time for fast ML tree search: 11.721 seconds

NOTE: ModelFinder requires 6 MB RAM!
ModelFinder will test up to 1232 protein models (sample size: 535) ...
 No. Model         -LnL         df  AIC          AICc         BIC
WARNING: Number of threads seems too high for short alignments. Use -T AUTO to determine best number of threads.
  1  LG            3878.561     23  7803.123     7805.283     7901.615
WARNING: Number of threads seems too high for short alignments. Use -T AUTO to determine best number of threads.
  2  LG+I          3819.775     24  7687.549     7689.902     7790.324
WARNING: Number of threads seems too high for short alignments. Use -T AUTO to determine best number of threads.
  3  LG+G4         3812.603     24  7673.205     7675.558     7775.979
WARNING: Number of threads seems too high for short alignments. Use -T AUTO to determine best number of threads.
  4  LG+I+G4       3812.165     25  7674.331     7676.885     7781.387
WARNING: Number of threads seems too high for short alignments. Use -T AUTO to determine best number of threads.
  5  LG+R2         3814.067     25  7678.133     7680.688     7785.190
WARNING: Number of threads seems too high for short alignments. Use -T AUTO to determine best number of threads.
  6  LG+R3         3813.869     27  7681.739     7684.721     7797.360
WARNING: Number of threads seems too high for short alignments. Use -T AUTO to determine best number of threads.
 14  LG+I+I+R2     3813.198     26  7678.395     7681.159     7789.734
WARNING: Number of threads seems too high for short alignments. Use -T AUTO to determine best number of threads.
 15  LG+I+I+R3     3812.206     28  7680.411     7683.621     7800.315
WARNING: Number of threads seems too high for short alignments. Use -T AUTO to determine best number of threads.
 25  LG+F+G4       3781.208     43  7648.415     7656.122     7832.553
WARNING: Number of threads seems too high for short alignments. Use -T AUTO to determine best number of threads.
 26  LG+F+I+G4     3780.333     44  7648.665     7656.747     7837.085
WARNING: Number of threads seems too high for short alignments. Use -T AUTO to determine best number of threads.
 27  LG+F+R2       3782.658     44  7653.315     7661.397     7841.735
WARNING: Number of threads seems too high for short alignments. Use -T AUTO to determine best number of threads.
 47  WAG+G4        3812.162     24  7672.323     7674.676     7775.098
WARNING: Number of threads seems too high for short alignments. Use -T AUTO to determine best number of threads.
 48  WAG+I+G4      3810.962     25  7671.924     7674.478     7778.981
WARNING: Number of threads seems too high for short alignments. Use -T AUTO to determine best number of threads.
 49  WAG+R2        3813.023     25  7676.046     7678.601     7783.103
WARNING: Number of threads seems too high for short alignments. Use -T AUTO to determine best number of threads.
 69  WAG+F+G4      3788.291     43  7662.581     7670.288     7846.719
WARNING: Number of threads seems too high for short alignments. Use -T AUTO to determine best number of threads.
 70  WAG+F+I+G4    3786.821     44  7661.641     7669.723     7850.061
WARNING: Number of threads seems too high for short alignments. Use -T AUTO to determine best number of threads.
 71  WAG+F+R2      3789.133     44  7666.266     7674.348     7854.686
WARNING: Number of threads seems too high for short alignments. Use -T AUTO to determine best number of threads.
 91  JTT+G4        3825.881     24  7699.761     7702.114     7802.536
WARNING: Number of threads seems too high for short alignments. Use -T AUTO to determine best number of threads.
 92  JTT+I+G4      3825.055     25  7700.110     7702.664     7807.167
WARNING: Number of threads seems too high for short alignments. Use -T AUTO to determine best number of threads.
 93  JTT+R2        3827.395     25  7704.789     7707.343     7811.846
WARNING: Number of threads seems too high for short alignments. Use -T AUTO to determine best number of threads.
113  JTT+F+G4      3806.271     43  7698.543     7706.249     7882.680
WARNING: Number of threads seems too high for short alignments. Use -T AUTO to determine best number of threads.
114  JTT+F+I+G4    3805.188     44  7698.376     7706.458     7886.796
WARNING: Number of threads seems too high for short alignments. Use -T AUTO to determine best number of threads.
115  JTT+F+R2      3807.885     44  7703.770     7711.852     7892.190
WARNING: Normalizing state frequencies so that sum of them equals to 1
WARNING: Number of threads seems too high for short alignments. Use -T AUTO to determine best number of threads.
135  Q.pfam+G4     3805.974     24  7659.949     7662.302     7762.723
WARNING: Normalizing state frequencies so that sum of them equals to 1
WARNING: Number of threads seems too high for short alignments. Use -T AUTO to determine best number of threads.
136  Q.pfam+I+G4   3805.581     25  7661.162     7663.716     7768.218
WARNING: Normalizing state frequencies so that sum of them equals to 1
WARNING: Number of threads seems too high for short alignments. Use -T AUTO to determine best number of threads.
137  Q.pfam+R2     3807.373     25  7664.745     7667.299     7771.802
WARNING: Normalizing state frequencies so that sum of them equals to 1
WARNING: Number of threads seems too high for short alignments. Use -T AUTO to determine best number of threads.
157  Q.pfam+F+G4   3774.598     43  7635.197     7642.903     7819.334
WARNING: Normalizing state frequencies so that sum of them equals to 1
WARNING: Number of threads seems too high for short alignments. Use -T AUTO to determine best number of threads.
158  Q.pfam+F+I+G4 3773.813     44  7635.626     7643.707     7824.046
WARNING: Normalizing state frequencies so that sum of them equals to 1
WARNING: Number of threads seems too high for short alignments. Use -T AUTO to determine best number of threads.
159  Q.pfam+F+R2   3775.777     44  7639.554     7647.635     7827.974
WARNING: Normalizing state frequencies so that sum of them equals to 1
WARNING: Number of threads seems too high for short alignments. Use -T AUTO to determine best number of threads.
179  Q.bird+G4     3903.593     24  7855.187     7857.540     7957.961
WARNING: Normalizing state frequencies so that sum of them equals to 1
WARNING: Number of threads seems too high for short alignments. Use -T AUTO to determine best number of threads.
180  Q.bird+I+G4   3902.192     25  7854.384     7856.938     7961.441
WARNING: Normalizing state frequencies so that sum of them equals to 1
WARNING: Number of threads seems too high for short alignments. Use -T AUTO to determine best number of threads.
181  Q.bird+R2     3909.062     25  7868.123     7870.677     7975.180
WARNING: Normalizing state frequencies so that sum of them equals to 1
WARNING: Number of threads seems too high for short alignments. Use -T AUTO to determine best number of threads.
201  Q.bird+F+G4   3867.390     43  7820.780     7828.487     8004.917
WARNING: Normalizing state frequencies so that sum of them equals to 1
WARNING: Number of threads seems too high for short alignments. Use -T AUTO to determine best number of threads.
202  Q.bird+F+I+G4 3866.048     44  7820.095     7828.177     8008.515
WARNING: Normalizing state frequencies so that sum of them equals to 1
WARNING: Number of threads seems too high for short alignments. Use -T AUTO to determine best number of threads.
203  Q.bird+F+R2   3872.609     44  7833.218     7841.300     8021.638
WARNING: Normalizing state frequencies so that sum of them equals to 1
WARNING: Number of threads seems too high for short alignments. Use -T AUTO to determine best number of threads.
223  Q.mammal+G4   3884.664     24  7817.329     7819.682     7920.103
WARNING: Normalizing state frequencies so that sum of them equals to 1
WARNING: Number of threads seems too high for short alignments. Use -T AUTO to determine best number of threads.
224  Q.mammal+I+G4 3883.611     25  7817.222     7819.776     7924.278
WARNING: Normalizing state frequencies so that sum of them equals to 1
WARNING: Number of threads seems too high for short alignments. Use -T AUTO to determine best number of threads.
225  Q.mammal+R2   3887.986     25  7825.971     7828.525     7933.028
WARNING: Normalizing state frequencies so that sum of them equals to 1
WARNING: Number of threads seems too high for short alignments. Use -T AUTO to determine best number of threads.
245  Q.mammal+F+G4 3843.689     43  7773.377     7781.084     7957.515
WARNING: Normalizing state frequencies so that sum of them equals to 1
WARNING: Number of threads seems too high for short alignments. Use -T AUTO to determine best number of threads.
246  Q.mammal+F+I+G4 3842.671     44  7773.342     7781.423     7961.762
WARNING: Normalizing state frequencies so that sum of them equals to 1
WARNING: Number of threads seems too high for short alignments. Use -T AUTO to determine best number of threads.
247  Q.mammal+F+R2 3846.740     44  7781.480     7789.562     7969.900
WARNING: Number of threads seems too high for short alignments. Use -T AUTO to determine best number of threads.
267  Q.insect+G4   3836.325     24  7720.651     7723.004     7823.425
WARNING: Number of threads seems too high for short alignments. Use -T AUTO to determine best number of threads.
268  Q.insect+I+G4 3835.687     25  7721.373     7723.927     7828.430
WARNING: Number of threads seems too high for short alignments. Use -T AUTO to determine best number of threads.
269  Q.insect+R2   3837.900     25  7725.799     7728.354     7832.856
WARNING: Number of threads seems too high for short alignments. Use -T AUTO to determine best number of threads.
289  Q.insect+F+G4 3781.948     43  7649.895     7657.602     7834.033
WARNING: Number of threads seems too high for short alignments. Use -T AUTO to determine best number of threads.
290  Q.insect+F+I+G4 3781.004     44  7650.008     7658.090     7838.428
WARNING: Number of threads seems too high for short alignments. Use -T AUTO to determine best number of threads.
291  Q.insect+F+R2 3783.404     44  7654.809     7662.890     7843.228
WARNING: Normalizing state frequencies so that sum of them equals to 1
WARNING: Number of threads seems too high for short alignments. Use -T AUTO to determine best number of threads.
311  Q.plant+G4    3855.860     24  7759.719     7762.072     7862.494
WARNING: Normalizing state frequencies so that sum of them equals to 1
WARNING: Number of threads seems too high for short alignments. Use -T AUTO to determine best number of threads.
312  Q.plant+I+G4  3855.131     25  7760.261     7762.815     7867.318
WARNING: Normalizing state frequencies so that sum of them equals to 1
WARNING: Number of threads seems too high for short alignments. Use -T AUTO to determine best number of threads.
313  Q.plant+R2    3859.206     25  7768.412     7770.966     7875.469
WARNING: Normalizing state frequencies so that sum of them equals to 1
WARNING: Number of threads seems too high for short alignments. Use -T AUTO to determine best number of threads.
333  Q.plant+F+G4  3818.646     43  7723.292     7730.999     7907.430
WARNING: Normalizing state frequencies so that sum of them equals to 1
WARNING: Number of threads seems too high for short alignments. Use -T AUTO to determine best number of threads.
334  Q.plant+F+I+G4 3817.615     44  7723.230     7731.312     7911.650
WARNING: Normalizing state frequencies so that sum of them equals to 1
WARNING: Number of threads seems too high for short alignments. Use -T AUTO to determine best number of threads.
335  Q.plant+F+R2  3822.079     44  7732.158     7740.240     7920.578
WARNING: Normalizing state frequencies so that sum of them equals to 1
WARNING: Number of threads seems too high for short alignments. Use -T AUTO to determine best number of threads.
355  Q.yeast+G4    3833.962     24  7715.924     7718.277     7818.698
WARNING: Normalizing state frequencies so that sum of them equals to 1
WARNING: Number of threads seems too high for short alignments. Use -T AUTO to determine best number of threads.
356  Q.yeast+I+G4  3833.370     25  7716.740     7719.294     7823.797
WARNING: Normalizing state frequencies so that sum of them equals to 1
WARNING: Number of threads seems too high for short alignments. Use -T AUTO to determine best number of threads.
357  Q.yeast+R2    3835.648     25  7721.296     7723.850     7828.353
WARNING: Normalizing state frequencies so that sum of them equals to 1
WARNING: Number of threads seems too high for short alignments. Use -T AUTO to determine best number of threads.
377  Q.yeast+F+G4  3775.473     43  7636.945     7644.652     7821.083
WARNING: Normalizing state frequencies so that sum of them equals to 1
WARNING: Number of threads seems too high for short alignments. Use -T AUTO to determine best number of threads.
378  Q.yeast+F+I+G4 3774.611     44  7637.221     7645.303     7825.641
WARNING: Normalizing state frequencies so that sum of them equals to 1
WARNING: Number of threads seems too high for short alignments. Use -T AUTO to determine best number of threads.
379  Q.yeast+F+R2  3776.977     44  7641.953     7650.035     7830.373
WARNING: Number of threads seems too high for short alignments. Use -T AUTO to determine best number of threads.
399  JTTDCMut+G4   3826.167     24  7700.334     7702.687     7803.108
WARNING: Number of threads seems too high for short alignments. Use -T AUTO to determine best number of threads.
400  JTTDCMut+I+G4 3825.323     25  7700.646     7703.200     7807.703
WARNING: Number of threads seems too high for short alignments. Use -T AUTO to determine best number of threads.
401  JTTDCMut+R2   3827.680     25  7705.360     7707.914     7812.417
WARNING: Number of threads seems too high for short alignments. Use -T AUTO to determine best number of threads.
421  JTTDCMut+F+G4 3806.439     43  7698.878     7706.585     7883.015
WARNING: Number of threads seems too high for short alignments. Use -T AUTO to determine best number of threads.
422  JTTDCMut+F+I+G4 3805.337     44  7698.674     7706.756     7887.094
WARNING: Number of threads seems too high for short alignments. Use -T AUTO to determine best number of threads.
423  JTTDCMut+F+R2 3808.091     44  7704.181     7712.263     7892.601
WARNING: Number of threads seems too high for short alignments. Use -T AUTO to determine best number of threads.
443  DCMut+G4      3863.191     24  7774.382     7776.735     7877.157
WARNING: Number of threads seems too high for short alignments. Use -T AUTO to determine best number of threads.
444  DCMut+I+G4    3862.027     25  7774.053     7776.607     7881.110
WARNING: Number of threads seems too high for short alignments. Use -T AUTO to determine best number of threads.
445  DCMut+R2      3865.832     25  7781.664     7784.218     7888.721
WARNING: Number of threads seems too high for short alignments. Use -T AUTO to determine best number of threads.
465  DCMut+F+G4    3817.126     43  7720.251     7727.958     7904.389
WARNING: Number of threads seems too high for short alignments. Use -T AUTO to determine best number of threads.
466  DCMut+F+I+G4  3815.687     44  7719.375     7727.457     7907.795
WARNING: Number of threads seems too high for short alignments. Use -T AUTO to determine best number of threads.
467  DCMut+F+R2    3820.057     44  7728.113     7736.195     7916.533
WARNING: Number of threads seems too high for short alignments. Use -T AUTO to determine best number of threads.
487  VT+G4         3810.668     24  7669.336     7671.689     7772.111
WARNING: Number of threads seems too high for short alignments. Use -T AUTO to determine best number of threads.
488  VT+I+G4       3809.469     25  7668.938     7671.492     7775.995
WARNING: Number of threads seems too high for short alignments. Use -T AUTO to determine best number of threads.
489  VT+R2         3810.992     25  7671.984     7674.538     7779.041
WARNING: Number of threads seems too high for short alignments. Use -T AUTO to determine best number of threads.
509  VT+F+G4       3787.916     43  7661.833     7669.539     7845.970
WARNING: Number of threads seems too high for short alignments. Use -T AUTO to determine best number of threads.
510  VT+F+I+G4     3786.366     44  7660.733     7668.814     7849.152
WARNING: Number of threads seems too high for short alignments. Use -T AUTO to determine best number of threads.
511  VT+F+R2       3788.102     44  7664.204     7672.286     7852.624
WARNING: Number of threads seems too high for short alignments. Use -T AUTO to determine best number of threads.
531  PMB+G4        3818.634     24  7685.269     7687.622     7788.043
WARNING: Number of threads seems too high for short alignments. Use -T AUTO to determine best number of threads.
532  PMB+I+G4      3817.427     25  7684.855     7687.409     7791.912
WARNING: Number of threads seems too high for short alignments. Use -T AUTO to determine best number of threads.
533  PMB+R2        3818.859     25  7687.718     7690.272     7794.774
WARNING: Number of threads seems too high for short alignments. Use -T AUTO to determine best number of threads.
553  PMB+F+G4      3797.081     43  7680.162     7687.868     7864.299
WARNING: Number of threads seems too high for short alignments. Use -T AUTO to determine best number of threads.
554  PMB+F+I+G4    3795.521     44  7679.042     7687.123     7867.461
WARNING: Number of threads seems too high for short alignments. Use -T AUTO to determine best number of threads.
555  PMB+F+R2      3797.097     44  7682.194     7690.276     7870.614
WARNING: Number of threads seems too high for short alignments. Use -T AUTO to determine best number of threads.
575  Blosum62+G4   3813.858     24  7675.716     7678.069     7778.490
WARNING: Number of threads seems too high for short alignments. Use -T AUTO to determine best number of threads.
576  Blosum62+I+G4 3812.846     25  7675.692     7678.246     7782.749
WARNING: Number of threads seems too high for short alignments. Use -T AUTO to determine best number of threads.
577  Blosum62+R2   3814.191     25  7678.382     7680.936     7785.438
WARNING: Number of threads seems too high for short alignments. Use -T AUTO to determine best number of threads.
597  Blosum62+F+G4 3790.306     43  7666.613     7674.320     7850.750
WARNING: Number of threads seems too high for short alignments. Use -T AUTO to determine best number of threads.
598  Blosum62+F+I+G4 3788.837     44  7665.675     7673.757     7854.095
WARNING: Number of threads seems too high for short alignments. Use -T AUTO to determine best number of threads.
599  Blosum62+F+R2 3790.346     44  7668.691     7676.773     7857.111
WARNING: Number of threads seems too high for short alignments. Use -T AUTO to determine best number of threads.
619  Dayhoff+G4    3863.089     24  7774.179     7776.532     7876.953
WARNING: Number of threads seems too high for short alignments. Use -T AUTO to determine best number of threads.
620  Dayhoff+I+G4  3861.916     25  7773.832     7776.386     7880.888
WARNING: Number of threads seems too high for short alignments. Use -T AUTO to determine best number of threads.
621  Dayhoff+R2    3865.755     25  7781.511     7784.065     7888.568
WARNING: Number of threads seems too high for short alignments. Use -T AUTO to determine best number of threads.
641  Dayhoff+F+G4  3816.972     43  7719.944     7727.651     7904.081
WARNING: Number of threads seems too high for short alignments. Use -T AUTO to determine best number of threads.
642  Dayhoff+F+I+G4 3815.524     44  7719.048     7727.130     7907.468
WARNING: Number of threads seems too high for short alignments. Use -T AUTO to determine best number of threads.
643  Dayhoff+F+R2  3819.938     44  7727.877     7735.959     7916.297
WARNING: Number of threads seems too high for short alignments. Use -T AUTO to determine best number of threads.
663  mtREV+G4      3997.378     24  8042.755     8045.108     8145.529
WARNING: Number of threads seems too high for short alignments. Use -T AUTO to determine best number of threads.
664  mtREV+I+G4    3997.984     25  8045.967     8048.521     8153.024
WARNING: Number of threads seems too high for short alignments. Use -T AUTO to determine best number of threads.
665  mtREV+R2      4000.595     25  8051.189     8053.743     8158.246
WARNING: Number of threads seems too high for short alignments. Use -T AUTO to determine best number of threads.
685  mtREV+F+G4    3820.649     43  7727.298     7735.004     7911.435
WARNING: Number of threads seems too high for short alignments. Use -T AUTO to determine best number of threads.
686  mtREV+F+I+G4  3820.010     44  7728.019     7736.101     7916.439
WARNING: Number of threads seems too high for short alignments. Use -T AUTO to determine best number of threads.
687  mtREV+F+R2    3824.189     44  7736.378     7744.459     7924.798
WARNING: Number of threads seems too high for short alignments. Use -T AUTO to determine best number of threads.
707  mtART+G4      4011.928     24  8071.855     8074.208     8174.630
WARNING: Number of threads seems too high for short alignments. Use -T AUTO to determine best number of threads.
708  mtART+I+G4    4013.290     25  8076.580     8079.134     8183.636
WARNING: Number of threads seems too high for short alignments. Use -T AUTO to determine best number of threads.
709  mtART+R2      4022.319     25  8094.638     8097.192     8201.695
WARNING: Number of threads seems too high for short alignments. Use -T AUTO to determine best number of threads.
729  mtART+F+G4    3840.533     43  7767.066     7774.773     7951.204
WARNING: Number of threads seems too high for short alignments. Use -T AUTO to determine best number of threads.
730  mtART+F+I+G4  3840.709     44  7769.419     7777.500     7957.838
WARNING: Number of threads seems too high for short alignments. Use -T AUTO to determine best number of threads.
731  mtART+F+R2    3847.412     44  7782.824     7790.906     7971.244
WARNING: Number of threads seems too high for short alignments. Use -T AUTO to determine best number of threads.
751  mtZOA+G4      3967.397     24  7982.794     7985.147     8085.568
WARNING: Number of threads seems too high for short alignments. Use -T AUTO to determine best number of threads.
752  mtZOA+I+G4    3969.048     25  7988.095     7990.649     8095.152
WARNING: Number of threads seems too high for short alignments. Use -T AUTO to determine best number of threads.
753  mtZOA+R2      3971.833     25  7993.665     7996.219     8100.722
WARNING: Number of threads seems too high for short alignments. Use -T AUTO to determine best number of threads.
773  mtZOA+F+G4    3818.658     43  7723.315     7731.022     7907.453
WARNING: Number of threads seems too high for short alignments. Use -T AUTO to determine best number of threads.
774  mtZOA+F+I+G4  3818.710     44  7725.420     7733.502     7913.840
WARNING: Number of threads seems too high for short alignments. Use -T AUTO to determine best number of threads.
775  mtZOA+F+R2    3822.726     44  7733.452     7741.534     7921.872
WARNING: Number of threads seems too high for short alignments. Use -T AUTO to determine best number of threads.
795  mtMet+G4      4016.765     24  8081.530     8083.883     8184.304
WARNING: Number of threads seems too high for short alignments. Use -T AUTO to determine best number of threads.
796  mtMet+I+G4    4017.841     25  8085.683     8088.237     8192.740
WARNING: Number of threads seems too high for short alignments. Use -T AUTO to determine best number of threads.
797  mtMet+R2      4020.201     25  8090.401     8092.955     8197.458
WARNING: Number of threads seems too high for short alignments. Use -T AUTO to determine best number of threads.
817  mtMet+F+G4    3836.137     43  7758.273     7765.980     7942.411
WARNING: Number of threads seems too high for short alignments. Use -T AUTO to determine best number of threads.
818  mtMet+F+I+G4  3835.963     44  7759.925     7768.007     7948.345
WARNING: Number of threads seems too high for short alignments. Use -T AUTO to determine best number of threads.
819  mtMet+F+R2    3839.397     44  7766.794     7774.875     7955.213
WARNING: Number of threads seems too high for short alignments. Use -T AUTO to determine best number of threads.
839  mtVer+G4      4067.869     24  8183.738     8186.090     8286.512
WARNING: Number of threads seems too high for short alignments. Use -T AUTO to determine best number of threads.
840  mtVer+I+G4    4069.441     25  8188.883     8191.437     8295.939
WARNING: Number of threads seems too high for short alignments. Use -T AUTO to determine best number of threads.
841  mtVer+R2      4075.177     25  8200.354     8202.908     8307.411
WARNING: Number of threads seems too high for short alignments. Use -T AUTO to determine best number of threads.
861  mtVer+F+G4    3886.659     43  7859.319     7867.025     8043.456
WARNING: Number of threads seems too high for short alignments. Use -T AUTO to determine best number of threads.
862  mtVer+F+I+G4  3886.168     44  7860.336     7868.418     8048.756
WARNING: Number of threads seems too high for short alignments. Use -T AUTO to determine best number of threads.
863  mtVer+F+R2    3894.619     44  7877.238     7885.320     8065.658
WARNING: Number of threads seems too high for short alignments. Use -T AUTO to determine best number of threads.
883  mtInv+G4      4037.387     24  8122.774     8125.127     8225.549
WARNING: Number of threads seems too high for short alignments. Use -T AUTO to determine best number of threads.
884  mtInv+I+G4    4037.966     25  8125.933     8128.487     8232.990
WARNING: Number of threads seems too high for short alignments. Use -T AUTO to determine best number of threads.
885  mtInv+R2      4039.374     25  8128.747     8131.301     8235.804
WARNING: Number of threads seems too high for short alignments. Use -T AUTO to determine best number of threads.
905  mtInv+F+G4    3812.351     43  7710.703     7718.409     7894.840
WARNING: Number of threads seems too high for short alignments. Use -T AUTO to determine best number of threads.
906  mtInv+F+I+G4  3811.824     44  7711.648     7719.729     7900.067
WARNING: Number of threads seems too high for short alignments. Use -T AUTO to determine best number of threads.
907  mtInv+F+R2    3814.311     44  7716.621     7724.703     7905.041
WARNING: Number of threads seems too high for short alignments. Use -T AUTO to determine best number of threads.
927  mtMAM+G4      4060.350     24  8168.700     8171.053     8271.475
WARNING: Number of threads seems too high for short alignments. Use -T AUTO to determine best number of threads.
928  mtMAM+I+G4    4061.552     25  8173.105     8175.659     8280.162
WARNING: Number of threads seems too high for short alignments. Use -T AUTO to determine best number of threads.
929  mtMAM+R2      4078.020     25  8206.039     8208.593     8313.096
WARNING: Number of threads seems too high for short alignments. Use -T AUTO to determine best number of threads.
949  mtMAM+F+G4    3878.315     43  7842.629     7850.336     8026.767
WARNING: Number of threads seems too high for short alignments. Use -T AUTO to determine best number of threads.
950  mtMAM+F+I+G4  3877.177     44  7842.355     7850.437     8030.775
WARNING: Number of threads seems too high for short alignments. Use -T AUTO to determine best number of threads.
951  mtMAM+F+R2    3892.086     44  7872.172     7880.253     8060.591
WARNING: Normalizing state frequencies so that sum of them equals to 1
WARNING: Number of threads seems too high for short alignments. Use -T AUTO to determine best number of threads.
971  FLAVI+G4      3944.209     24  7936.418     7938.771     8039.192
WARNING: Normalizing state frequencies so that sum of them equals to 1
WARNING: Number of threads seems too high for short alignments. Use -T AUTO to determine best number of threads.
972  FLAVI+I+G4    3943.335     25  7936.670     7939.224     8043.726
WARNING: Normalizing state frequencies so that sum of them equals to 1
WARNING: Number of threads seems too high for short alignments. Use -T AUTO to determine best number of threads.
973  FLAVI+R2      3955.653     25  7961.307     7963.861     8068.364
WARNING: Normalizing state frequencies so that sum of them equals to 1
WARNING: Number of threads seems too high for short alignments. Use -T AUTO to determine best number of threads.
993  FLAVI+F+G4    3919.097     43  7924.194     7931.901     8108.331
WARNING: Normalizing state frequencies so that sum of them equals to 1
WARNING: Number of threads seems too high for short alignments. Use -T AUTO to determine best number of threads.
994  FLAVI+F+I+G4  3917.332     44  7922.664     7930.746     8111.084
WARNING: Normalizing state frequencies so that sum of them equals to 1
WARNING: Number of threads seems too high for short alignments. Use -T AUTO to determine best number of threads.
995  FLAVI+F+R2    3931.619     44  7951.238     7959.319     8139.657
WARNING: Number of threads seems too high for short alignments. Use -T AUTO to determine best number of threads.
1015  HIVb+G4       3898.628     24  7845.257     7847.610     7948.031
WARNING: Number of threads seems too high for short alignments. Use -T AUTO to determine best number of threads.
1016  HIVb+I+G4     3897.290     25  7844.579     7847.133     7951.636
WARNING: Number of threads seems too high for short alignments. Use -T AUTO to determine best number of threads.
1017  HIVb+R2       3905.822     25  7861.644     7864.198     7968.701
WARNING: Number of threads seems too high for short alignments. Use -T AUTO to determine best number of threads.
1037  HIVb+F+G4     3879.630     43  7845.259     7852.966     8029.397
WARNING: Number of threads seems too high for short alignments. Use -T AUTO to determine best number of threads.
1038  HIVb+F+I+G4   3878.041     44  7844.082     7852.164     8032.502
WARNING: Number of threads seems too high for short alignments. Use -T AUTO to determine best number of threads.
1039  HIVb+F+R2     3887.669     44  7863.338     7871.420     8051.758
WARNING: Number of threads seems too high for short alignments. Use -T AUTO to determine best number of threads.
1059  HIVw+G4       3993.377     24  8034.754     8037.107     8137.528
WARNING: Number of threads seems too high for short alignments. Use -T AUTO to determine best number of threads.
1060  HIVw+I+G4     3990.804     25  8031.609     8034.163     8138.665
WARNING: Number of threads seems too high for short alignments. Use -T AUTO to determine best number of threads.
1061  HIVw+R2       4005.629     25  8061.257     8063.811     8168.314
WARNING: Number of threads seems too high for short alignments. Use -T AUTO to determine best number of threads.
1081  HIVw+F+G4     3951.824     43  7989.648     7997.355     8173.785
WARNING: Number of threads seems too high for short alignments. Use -T AUTO to determine best number of threads.
1082  HIVw+F+I+G4   3949.156     44  7986.312     7994.394     8174.732
WARNING: Number of threads seems too high for short alignments. Use -T AUTO to determine best number of threads.
1083  HIVw+F+R2     3964.121     44  8016.242     8024.324     8204.662
WARNING: Number of threads seems too high for short alignments. Use -T AUTO to determine best number of threads.
1103  FLU+G4        3861.502     24  7771.004     7773.357     7873.779
WARNING: Number of threads seems too high for short alignments. Use -T AUTO to determine best number of threads.
1104  FLU+I+G4      3860.611     25  7771.223     7773.777     7878.279
WARNING: Number of threads seems too high for short alignments. Use -T AUTO to determine best number of threads.
1105  FLU+R2        3866.604     25  7783.208     7785.762     7890.265
WARNING: Number of threads seems too high for short alignments. Use -T AUTO to determine best number of threads.
1125  FLU+F+G4      3849.160     43  7784.320     7792.027     7968.457
WARNING: Number of threads seems too high for short alignments. Use -T AUTO to determine best number of threads.
1126  FLU+F+I+G4    3848.396     44  7784.792     7792.873     7973.211
WARNING: Number of threads seems too high for short alignments. Use -T AUTO to determine best number of threads.
1127  FLU+F+R2      3853.970     44  7795.941     7804.023     7984.361
WARNING: Number of threads seems too high for short alignments. Use -T AUTO to determine best number of threads.
1147  rtREV+G4      3815.222     24  7678.444     7680.797     7781.218
WARNING: Number of threads seems too high for short alignments. Use -T AUTO to determine best number of threads.
1148  rtREV+I+G4    3814.964     25  7679.929     7682.483     7786.986
WARNING: Number of threads seems too high for short alignments. Use -T AUTO to determine best number of threads.
1149  rtREV+R2      3816.736     25  7683.473     7686.027     7790.530
WARNING: Number of threads seems too high for short alignments. Use -T AUTO to determine best number of threads.
1169  rtREV+F+G4    3778.930     43  7643.859     7651.566     7827.997
WARNING: Number of threads seems too high for short alignments. Use -T AUTO to determine best number of threads.
1170  rtREV+F+I+G4  3778.165     44  7644.330     7652.411     7832.749
WARNING: Number of threads seems too high for short alignments. Use -T AUTO to determine best number of threads.
1171  rtREV+F+R2    3780.344     44  7648.687     7656.769     7837.107
WARNING: Number of threads seems too high for short alignments. Use -T AUTO to determine best number of threads.
1191  cpREV+G4      3830.109     24  7708.217     7710.570     7810.992
WARNING: Number of threads seems too high for short alignments. Use -T AUTO to determine best number of threads.
1192  cpREV+I+G4    3829.634     25  7709.268     7711.822     7816.325
WARNING: Number of threads seems too high for short alignments. Use -T AUTO to determine best number of threads.
1193  cpREV+R2      3831.621     25  7713.243     7715.797     7820.299
WARNING: Number of threads seems too high for short alignments. Use -T AUTO to determine best number of threads.
1213  cpREV+F+G4    3810.288     43  7706.575     7714.282     7890.712
WARNING: Number of threads seems too high for short alignments. Use -T AUTO to determine best number of threads.
1214  cpREV+F+I+G4  3809.428     44  7706.856     7714.938     7895.276
WARNING: Number of threads seems too high for short alignments. Use -T AUTO to determine best number of threads.
1215  cpREV+F+R2    3812.740     44  7713.479     7721.561     7901.899
Akaike Information Criterion:           Q.pfam+F+G4
Corrected Akaike Information Criterion: Q.pfam+F+G4
Bayesian Information Criterion:         Q.pfam+G4
Best-fit model: Q.pfam+G4 chosen according to BIC

All model information printed to output/BA3_CA8_1/4.TerL_phylogenetic_tree/TerL_tree/TerL.aln.model.gz
CPU time for ModelFinder: 6536.453 seconds (1h:48m:56s)
Wall-clock time for ModelFinder: 1600.192 seconds (0h:26m:40s)
Generating 1000 samples for ultrafast bootstrap (seed: 104200)...
WARNING: Normalizing state frequencies so that sum of them equals to 1

NOTE: 3 MB RAM (0 GB) is required!
WARNING: Number of threads seems too high for short alignments. Use -T AUTO to determine best number of threads.
Estimate model parameters (epsilon = 0.100)
1. Initial log-likelihood: -3805.974
Optimal log-likelihood: -3805.974
Gamma shape alpha: 0.555
Parameters optimization took 1 rounds (1.379 sec)
Wrote distance file to... 
Computing ML distances based on estimated model parameters...
Calculating distance matrix: done in 0.0159058 secs using 646.2% CPU
Computing ML distances took 0.065202 sec (of wall-clock time) 0.298048 sec (of CPU time)
Setting up auxiliary I and S matrices: done in 0.0929283 secs using 197.1% CPU
Constructing RapidNJ tree: done in 1.11893 secs using 177.2% CPU
Computing RapidNJ tree took 1.212282 sec (of wall-clock time) 2.169131 sec (of CPU time)
Log-likelihood of RapidNJ tree: -3805.469
--------------------------------------------------------------------
|             INITIALIZING CANDIDATE TREE SET                      |
--------------------------------------------------------------------
Generating 98 parsimony trees... 0.265 second
Computing log-likelihood of 97 initial trees ... 131.045 seconds
Current best score: -3805.469

Do NNI search on 20 best initial trees
Optimizing NNI: done in 8.9335 secs using 377.5% CPU
Estimate model parameters (epsilon = 0.100)
BETTER TREE FOUND at iteration 1: -3805.469
Optimizing NNI: done in 6.90731 secs using 458.7% CPU
Optimizing NNI: done in 6.4354 secs using 456.2% CPU
Optimizing NNI: done in 8.69627 secs using 447% CPU
Optimizing NNI: done in 10.4085 secs using 451% CPU
Optimizing NNI: done in 10.7455 secs using 434% CPU
Optimizing NNI: done in 9.97092 secs using 412.7% CPU
Optimizing NNI: done in 11.0945 secs using 427.4% CPU
Optimizing NNI: done in 12.2144 secs using 392.6% CPU
Optimizing NNI: done in 10.6039 secs using 451.1% CPU
Iteration 10 / LogL: -3805.977 / Time: 0h:3m:55s
Optimizing NNI: done in 14.0314 secs using 456.6% CPU
Optimizing NNI: done in 21.4396 secs using 413.6% CPU
Optimizing NNI: done in 27.4267 secs using 433.2% CPU
UPDATE BEST LOG-LIKELIHOOD: -3805.468
Optimizing NNI: done in 21.8994 secs using 453.6% CPU
Optimizing NNI: done in 11.1938 secs using 424.9% CPU
Optimizing NNI: done in 11.508 secs using 454.4% CPU
Optimizing NNI: done in 16.3165 secs using 446.9% CPU
Optimizing NNI: done in 23.0914 secs using 447.1% CPU
Optimizing NNI: done in 6.85147 secs using 534.1% CPU
Optimizing NNI: done in 18.822 secs using 505.5% CPU
Iteration 20 / LogL: -3806.863 / Time: 0h:6m:48s
Finish initializing candidate tree set (3)
Current best tree score: -3805.468 / CPU time: 402.333
Number of iterations: 20
--------------------------------------------------------------------
|               OPTIMIZING CANDIDATE TREE SET                      |
--------------------------------------------------------------------
Optimizing NNI: done in 15.091 secs using 470.1% CPU
Optimizing NNI: done in 27.3828 secs using 453.2% CPU
UPDATE BEST LOG-LIKELIHOOD: -3805.467
Optimizing NNI: done in 16.4007 secs using 487.8% CPU
Optimizing NNI: done in 12.5385 secs using 457.2% CPU
Optimizing NNI: done in 17.4676 secs using 502.4% CPU
Optimizing NNI: done in 20.2752 secs using 495.9% CPU
Optimizing NNI: done in 10.4006 secs using 543.2% CPU
Optimizing NNI: done in 10.6347 secs using 513.8% CPU
Optimizing NNI: done in 8.99548 secs using 544.8% CPU
Optimizing NNI: done in 19.2262 secs using 487.2% CPU
Iteration 30 / LogL: -3805.975 / Time: 0h:9m:27s (0h:23m:9s left)
Optimizing NNI: done in 11.0012 secs using 539.5% CPU
Optimizing NNI: done in 21.837 secs using 495.4% CPU
Optimizing NNI: done in 9.29119 secs using 492.4% CPU
Optimizing NNI: done in 16.7171 secs using 550.1% CPU
Optimizing NNI: done in 32.762 secs using 511.4% CPU
UPDATE BEST LOG-LIKELIHOOD: -3805.467
Optimizing NNI: done in 17.6342 secs using 529.3% CPU
Optimizing NNI: done in 20.3674 secs using 513.4% CPU
Optimizing NNI: done in 11.3583 secs using 555% CPU
Optimizing NNI: done in 9.45439 secs using 482.8% CPU
Optimizing NNI: done in 26.3874 secs using 504.1% CPU
Iteration 40 / LogL: -3805.467 / Time: 0h:12m:25s (0h:19m:25s left)
Optimizing NNI: done in 12.7701 secs using 500% CPU
Optimizing NNI: done in 31.3714 secs using 463% CPU
Optimizing NNI: done in 26.1726 secs using 482.1% CPU
Optimizing NNI: done in 19.8497 secs using 465.6% CPU
Optimizing NNI: done in 26.9693 secs using 446.8% CPU
Optimizing NNI: done in 19.3589 secs using 516.2% CPU
Optimizing NNI: done in 24.1466 secs using 477.7% CPU
UPDATE BEST LOG-LIKELIHOOD: -3805.467
Optimizing NNI: done in 19.2642 secs using 493.2% CPU
Optimizing NNI: done in 26.1731 secs using 474.1% CPU
Optimizing NNI: done in 28.6256 secs using 450.5% CPU
Iteration 50 / LogL: -3805.517 / Time: 0h:16m:20s (0h:17m:0s left)
Log-likelihood cutoff on original alignment: -3837.061
Optimizing NNI: done in 14.674 secs using 453.7% CPU
Optimizing NNI: done in 22.4621 secs using 415.9% CPU
Optimizing NNI: done in 25.9935 secs using 469% CPU
Optimizing NNI: done in 25.5145 secs using 480.9% CPU
Optimizing NNI: done in 19.2829 secs using 424.6% CPU
Optimizing NNI: done in 22.5449 secs using 484.7% CPU
Optimizing NNI: done in 24.5682 secs using 442.6% CPU
Optimizing NNI: done in 40.6935 secs using 402.3% CPU
Optimizing NNI: done in 22.7986 secs using 439.6% CPU
Optimizing NNI: done in 44.5654 secs using 477.2% CPU
Iteration 60 / LogL: -4014.290 / Time: 0h:20m:44s (0h:14m:24s left)
Optimizing NNI: done in 30.5773 secs using 467.9% CPU
Optimizing NNI: done in 23.6922 secs using 429% CPU
Optimizing NNI: done in 25.5165 secs using 431.8% CPU
Optimizing NNI: done in 17.3644 secs using 416.6% CPU
Optimizing NNI: done in 20.3384 secs using 448.3% CPU
Optimizing NNI: done in 30.2322 secs using 401.3% CPU
Optimizing NNI: done in 19.0003 secs using 514.3% CPU
Optimizing NNI: done in 11.307 secs using 502.6% CPU
Optimizing NNI: done in 42.5922 secs using 438.9% CPU
Optimizing NNI: done in 16.3205 secs using 483% CPU
Iteration 70 / LogL: -3805.469 / Time: 0h:24m:42s (0h:11m:5s left)
Optimizing NNI: done in 12.5392 secs using 541.2% CPU
Optimizing NNI: done in 17.3581 secs using 566.3% CPU
Optimizing NNI: done in 22.3681 secs using 467.1% CPU
Optimizing NNI: done in 11.8135 secs using 517.5% CPU
Optimizing NNI: done in 25.1561 secs using 497.3% CPU
Optimizing NNI: done in 44.2449 secs using 533.1% CPU
Optimizing NNI: done in 19.5543 secs using 507.5% CPU
Optimizing NNI: done in 10.1579 secs using 417.8% CPU
Optimizing NNI: done in 23.6992 secs using 483.4% CPU
Optimizing NNI: done in 46.9828 secs using 558.8% CPU
Iteration 80 / LogL: -3874.392 / Time: 0h:28m:37s (0h:7m:36s left)
Optimizing NNI: done in 23.5866 secs using 472.6% CPU
Optimizing NNI: done in 17.9734 secs using 519.7% CPU
Optimizing NNI: done in 16.3807 secs using 451.3% CPU
Optimizing NNI: done in 22.0863 secs using 540.2% CPU
Optimizing NNI: done in 29.8865 secs using 530.4% CPU
Optimizing NNI: done in 17.7383 secs using 490.2% CPU
Optimizing NNI: done in 2.28273 secs using 758.3% CPU
Optimizing NNI: done in 3.32846 secs using 708.6% CPU
Optimizing NNI: done in 32.7612 secs using 475.6% CPU
Optimizing NNI: done in 16.799 secs using 541.3% CPU
Iteration 90 / LogL: -3805.487 / Time: 0h:31m:40s (0h:3m:54s left)
Optimizing NNI: done in 25.1868 secs using 499.1% CPU
Optimizing NNI: done in 25.3431 secs using 550.7% CPU
Optimizing NNI: done in 7.40737 secs using 662.3% CPU
Optimizing NNI: done in 6.49981 secs using 539.3% CPU
Optimizing NNI: done in 22.3716 secs using 480.2% CPU
UPDATE BEST LOG-LIKELIHOOD: -3805.467
Optimizing NNI: done in 2.97778 secs using 766.7% CPU
Optimizing NNI: done in 24.1303 secs using 484.3% CPU
Optimizing NNI: done in 26.7123 secs using 539.7% CPU
Optimizing NNI: done in 33.3935 secs using 504.5% CPU
Optimizing NNI: done in 24.2614 secs using 458.5% CPU
Iteration 100 / LogL: -3805.470 / Time: 0h:34m:59s (0h:0m:21s left)
Log-likelihood cutoff on original alignment: -3837.061
NOTE: Bootstrap correlation coefficient of split occurrence frequencies: 0.999
Optimizing NNI: done in 17.146 secs using 471.7% CPU
Optimizing NNI: done in 18.4966 secs using 517.9% CPU
TREE SEARCH COMPLETED AFTER 102 ITERATIONS / Time: 0h:35m:35s

--------------------------------------------------------------------
|                    FINALIZING TREE SEARCH                        |
--------------------------------------------------------------------
Performs final model parameters optimization
Estimate model parameters (epsilon = 0.010)
1. Initial log-likelihood: -3805.467
Optimal log-likelihood: -3805.467
Gamma shape alpha: 0.553
Parameters optimization took 1 rounds (1.143 sec)
BEST SCORE FOUND : -3805.467
Creating bootstrap support values...
Split supports printed to NEXUS file output/BA3_CA8_1/4.TerL_phylogenetic_tree/TerL_tree/TerL.aln.splits.nex
Total tree length: 1.191

Total number of iterations: 102
CPU time used for tree search: 10149.205 sec (2h:49m:9s)
Wall-clock time used for tree search: 2128.950 sec (0h:35m:28s)
Total CPU time used: 10178.619 sec (2h:49m:38s)
Total wall-clock time used: 2136.401 sec (0h:35m:36s)

Computing bootstrap consensus tree...
Reading input file output/BA3_CA8_1/4.TerL_phylogenetic_tree/TerL_tree/TerL.aln.splits.nex...
13 taxa and 48 splits.
Consensus tree written to output/BA3_CA8_1/4.TerL_phylogenetic_tree/TerL_tree/TerL.aln.contree
Reading input trees file output/BA3_CA8_1/4.TerL_phylogenetic_tree/TerL_tree/TerL.aln.contree
Log-likelihood of consensus tree: -3805.475

Analysis results written to: 
  IQ-TREE report:                output/BA3_CA8_1/4.TerL_phylogenetic_tree/TerL_tree/TerL.aln.iqtree
  Maximum-likelihood tree:       output/BA3_CA8_1/4.TerL_phylogenetic_tree/TerL_tree/TerL.aln.treefile
  Likelihood distances:          output/BA3_CA8_1/4.TerL_phylogenetic_tree/TerL_tree/TerL.aln.mldist

Ultrafast bootstrap approximation results written to:
  Split support values:          output/BA3_CA8_1/4.TerL_phylogenetic_tree/TerL_tree/TerL.aln.splits.nex
  Consensus tree:                output/BA3_CA8_1/4.TerL_phylogenetic_tree/TerL_tree/TerL.aln.contree
  Screen log file:               output/BA3_CA8_1/4.TerL_phylogenetic_tree/TerL_tree/TerL.aln.log

ALISIM COMMAND
--------------
--alisim simulated_MSA -t output/BA3_CA8_1/4.TerL_phylogenetic_tree/TerL_tree/TerL.aln.treefile -m "Q.pfam+G4{0.552996}" --length 535

Date and Time: Sat Dec  2 01:39:33 2023
