IQ-TREE multicore version 2.2.0.3 COVID-edition for Linux 64-bit built Aug  2 2022
Developed by Bui Quang Minh, James Barbetti, Nguyen Lam Tung,
Olga Chernomor, Heiko Schmidt, Dominik Schrempf, Michael Woodhams, Ly Trong Nhan.

Host:    master01 (AVX2, FMA3, 944 GB RAM)
Command: iqtree -s output/BA3_CA8_0/4.TerL_phylogenetic_tree/TerL_tree/TerL.aln -T 20 -B 1000 --redo-tree
Seed:    104201 (Using SPRNG - Scalable Parallel Random Number Generator)
Time:    Sat Dec  2 00:37:14 2023
Kernel:  AVX+FMA - 20 threads (160 CPU cores detected)

Reading alignment file output/BA3_CA8_0/4.TerL_phylogenetic_tree/TerL_tree/TerL.aln ... Fasta format detected
Reading fasta file: done in 0.000603452 secs using 20.55% CPU
Alignment most likely contains protein sequences
Constructing alignment: done in 0.0022485 secs using 1140% CPU
Alignment has 16 sequences with 535 columns, 262 distinct patterns
186 parsimony-informative, 53 singleton sites, 296 constant sites
WARNING: Some sequence names are changed as follows:
UNVERIFIED:_Vibrio_phage_VspDsh_1 -> UNVERIFIED__Vibrio_phage_VspDsh_1
UNVERIFIED:_Vibrio_phage_GH32 -> UNVERIFIED__Vibrio_phage_GH32

                                               Gap/Ambiguity  Composition  p-value
Analyzing sequences: done in 0.0111963 secs using 302.9% CPU
   1  Vibrio_phage_vB_VpS_BA3                          2.43%    passed    100.00%
   2  Vibrio_phage_V07                                 2.43%    passed    100.00%
   3  Vibrio_phage_1.117.O._10N.261.45.E9              3.36%    passed     99.99%
   4  Vibrio_phage_vB_VhaS-tm                          1.68%    passed    100.00%
   5  UNVERIFIED__Vibrio_phage_VspDsh_1                2.43%    passed    100.00%
   6  Vibrio_phage_1.207.B._10N.222.51.C2              3.36%    passed     99.99%
   7  Vibrio_phage_vB_VpaS_AL-2                        2.43%    passed    100.00%
   8  Vibrio_phage_vB_VpaS_ALK                         1.50%    passed    100.00%
   9  Vibrio_phage_2.117.O._10N.261.45.E9              3.36%    passed     99.99%
  10  Vibrio_phage_vB_VpS_CA8                          2.43%    passed    100.00%
  11  Vibrio_phage_PH669_Scaffold1_genomic_sequence    2.43%    passed    100.00%
  12  Vibrio_phage_vB_VpaS_CHI                         1.50%    passed    100.00%
  13  UNVERIFIED__Vibrio_phage_GH32                    4.11%    passed    100.00%
  14  Vibrio_phage_pVco-14                             1.68%    passed    100.00%
  15  Alteromonas_phage_vB_AcoS-R7M                    2.43%    passed     99.91%
  16  BA3_CA8_0                                        2.43%    passed    100.00%
****  TOTAL                                            2.50%  0 sequences failed composition chi2 test (p-value<5%; df=19)
NOTE: UNVERIFIED__Vibrio_phage_VspDsh_1 is identical to Vibrio_phage_vB_VpS_BA3 but kept for subsequent analysis
NOTE: Vibrio_phage_1.207.B._10N.222.51.C2 is identical to Vibrio_phage_1.117.O._10N.261.45.E9 but kept for subsequent analysis
NOTE: Vibrio_phage_vB_VpaS_CHI is identical to Vibrio_phage_vB_VpaS_ALK but kept for subsequent analysis
Checking for duplicate sequences: done in 0.000727088 secs using 1319% CPU
Identifying sites to remove: done in 0.000685043 secs using 1979% CPU
NOTE: 3 identical sequences (see below) will be ignored for subsequent analysis
NOTE: Vibrio_phage_vB_VpS_CA8 (identical to Vibrio_phage_vB_VpS_BA3) is ignored but added at the end
NOTE: BA3_CA8_0 (identical to Vibrio_phage_vB_VpS_BA3) is ignored but added at the end
NOTE: Vibrio_phage_2.117.O._10N.261.45.E9 (identical to Vibrio_phage_1.117.O._10N.261.45.E9) is ignored but added at the end
Alignment was printed to output/BA3_CA8_0/4.TerL_phylogenetic_tree/TerL_tree/TerL.aln.uniqueseq.phy

For your convenience alignment with unique sequences printed to output/BA3_CA8_0/4.TerL_phylogenetic_tree/TerL_tree/TerL.aln.uniqueseq.phy


Create initial parsimony tree by phylogenetic likelihood library (PLL)... 0.009 seconds
WARNING: Number of threads seems too high for short alignments. Use -T AUTO to determine best number of threads.
Perform fast likelihood tree search using LG+I+G model...
Estimate model parameters (epsilon = 5.000)
Perform nearest neighbor interchange...
Optimizing NNI: done in 7.0798 secs using 387.6% CPU
Estimate model parameters (epsilon = 1.000)
1. Initial log-likelihood: -3812.170
Optimal log-likelihood: -3812.168
Proportion of invariable sites: 0.274
Gamma shape alpha: 1.232
Parameters optimization took 1 rounds (2.083 sec)
Time for fast ML tree search: 10.893 seconds

NOTE: ModelFinder requires 6 MB RAM!
ModelFinder will test up to 1232 protein models (sample size: 535) ...
 No. Model         -LnL         df  AIC          AICc         BIC
WARNING: Number of threads seems too high for short alignments. Use -T AUTO to determine best number of threads.
  1  LG            3878.561     23  7803.123     7805.283     7901.615
WARNING: Number of threads seems too high for short alignments. Use -T AUTO to determine best number of threads.
  2  LG+I          3819.775     24  7687.549     7689.902     7790.324
WARNING: Number of threads seems too high for short alignments. Use -T AUTO to determine best number of threads.
  3  LG+G4         3812.603     24  7673.205     7675.558     7775.979
WARNING: Number of threads seems too high for short alignments. Use -T AUTO to determine best number of threads.
  4  LG+I+G4       3812.165     25  7674.331     7676.885     7781.387
WARNING: Number of threads seems too high for short alignments. Use -T AUTO to determine best number of threads.
  5  LG+R2         3814.067     25  7678.133     7680.688     7785.190
WARNING: Number of threads seems too high for short alignments. Use -T AUTO to determine best number of threads.
  6  LG+R3         3813.869     27  7681.739     7684.721     7797.360
WARNING: Number of threads seems too high for short alignments. Use -T AUTO to determine best number of threads.
 14  LG+I+I+R2     3813.198     26  7678.395     7681.159     7789.734
WARNING: Number of threads seems too high for short alignments. Use -T AUTO to determine best number of threads.
 15  LG+I+I+R3     3812.205     28  7680.411     7683.620     7800.314
WARNING: Number of threads seems too high for short alignments. Use -T AUTO to determine best number of threads.
 25  LG+F+G4       3781.208     43  7648.415     7656.122     7832.553
WARNING: Number of threads seems too high for short alignments. Use -T AUTO to determine best number of threads.
 26  LG+F+I+G4     3780.333     44  7648.665     7656.747     7837.085
WARNING: Number of threads seems too high for short alignments. Use -T AUTO to determine best number of threads.
 27  LG+F+R2       3782.658     44  7653.315     7661.397     7841.735
WARNING: Number of threads seems too high for short alignments. Use -T AUTO to determine best number of threads.
 47  WAG+G4        3812.162     24  7672.323     7674.676     7775.098
WARNING: Number of threads seems too high for short alignments. Use -T AUTO to determine best number of threads.
 48  WAG+I+G4      3810.962     25  7671.924     7674.478     7778.981
WARNING: Number of threads seems too high for short alignments. Use -T AUTO to determine best number of threads.
 49  WAG+R2        3813.023     25  7676.046     7678.601     7783.103
WARNING: Number of threads seems too high for short alignments. Use -T AUTO to determine best number of threads.
 69  WAG+F+G4      3788.291     43  7662.581     7670.288     7846.719
WARNING: Number of threads seems too high for short alignments. Use -T AUTO to determine best number of threads.
 70  WAG+F+I+G4    3786.821     44  7661.641     7669.723     7850.061
WARNING: Number of threads seems too high for short alignments. Use -T AUTO to determine best number of threads.
 71  WAG+F+R2      3789.133     44  7666.266     7674.348     7854.686
WARNING: Number of threads seems too high for short alignments. Use -T AUTO to determine best number of threads.
 91  JTT+G4        3825.881     24  7699.761     7702.114     7802.536
WARNING: Number of threads seems too high for short alignments. Use -T AUTO to determine best number of threads.
 92  JTT+I+G4      3825.055     25  7700.110     7702.664     7807.167
WARNING: Number of threads seems too high for short alignments. Use -T AUTO to determine best number of threads.
 93  JTT+R2        3827.395     25  7704.789     7707.343     7811.846
WARNING: Number of threads seems too high for short alignments. Use -T AUTO to determine best number of threads.
113  JTT+F+G4      3806.271     43  7698.543     7706.249     7882.680
WARNING: Number of threads seems too high for short alignments. Use -T AUTO to determine best number of threads.
114  JTT+F+I+G4    3805.188     44  7698.376     7706.458     7886.796
WARNING: Number of threads seems too high for short alignments. Use -T AUTO to determine best number of threads.
115  JTT+F+R2      3807.885     44  7703.770     7711.852     7892.190
WARNING: Normalizing state frequencies so that sum of them equals to 1
WARNING: Number of threads seems too high for short alignments. Use -T AUTO to determine best number of threads.
135  Q.pfam+G4     3805.974     24  7659.949     7662.302     7762.723
WARNING: Normalizing state frequencies so that sum of them equals to 1
WARNING: Number of threads seems too high for short alignments. Use -T AUTO to determine best number of threads.
136  Q.pfam+I+G4   3805.581     25  7661.162     7663.716     7768.218
WARNING: Normalizing state frequencies so that sum of them equals to 1
WARNING: Number of threads seems too high for short alignments. Use -T AUTO to determine best number of threads.
137  Q.pfam+R2     3807.373     25  7664.745     7667.299     7771.802
WARNING: Normalizing state frequencies so that sum of them equals to 1
WARNING: Number of threads seems too high for short alignments. Use -T AUTO to determine best number of threads.
157  Q.pfam+F+G4   3774.598     43  7635.197     7642.903     7819.334
WARNING: Normalizing state frequencies so that sum of them equals to 1
WARNING: Number of threads seems too high for short alignments. Use -T AUTO to determine best number of threads.
158  Q.pfam+F+I+G4 3773.813     44  7635.626     7643.707     7824.046
WARNING: Normalizing state frequencies so that sum of them equals to 1
WARNING: Number of threads seems too high for short alignments. Use -T AUTO to determine best number of threads.
159  Q.pfam+F+R2   3775.777     44  7639.554     7647.635     7827.974
WARNING: Normalizing state frequencies so that sum of them equals to 1
WARNING: Number of threads seems too high for short alignments. Use -T AUTO to determine best number of threads.
179  Q.bird+G4     3903.593     24  7855.187     7857.540     7957.961
WARNING: Normalizing state frequencies so that sum of them equals to 1
WARNING: Number of threads seems too high for short alignments. Use -T AUTO to determine best number of threads.
180  Q.bird+I+G4   3902.192     25  7854.384     7856.938     7961.441
WARNING: Normalizing state frequencies so that sum of them equals to 1
WARNING: Number of threads seems too high for short alignments. Use -T AUTO to determine best number of threads.
181  Q.bird+R2     3909.062     25  7868.123     7870.677     7975.180
WARNING: Normalizing state frequencies so that sum of them equals to 1
WARNING: Number of threads seems too high for short alignments. Use -T AUTO to determine best number of threads.
201  Q.bird+F+G4   3867.390     43  7820.780     7828.487     8004.917
WARNING: Normalizing state frequencies so that sum of them equals to 1
WARNING: Number of threads seems too high for short alignments. Use -T AUTO to determine best number of threads.
202  Q.bird+F+I+G4 3866.048     44  7820.095     7828.177     8008.515
WARNING: Normalizing state frequencies so that sum of them equals to 1
WARNING: Number of threads seems too high for short alignments. Use -T AUTO to determine best number of threads.
203  Q.bird+F+R2   3872.609     44  7833.218     7841.300     8021.638
WARNING: Normalizing state frequencies so that sum of them equals to 1
WARNING: Number of threads seems too high for short alignments. Use -T AUTO to determine best number of threads.
223  Q.mammal+G4   3884.664     24  7817.329     7819.682     7920.103
WARNING: Normalizing state frequencies so that sum of them equals to 1
WARNING: Number of threads seems too high for short alignments. Use -T AUTO to determine best number of threads.
224  Q.mammal+I+G4 3883.611     25  7817.222     7819.776     7924.278
WARNING: Normalizing state frequencies so that sum of them equals to 1
WARNING: Number of threads seems too high for short alignments. Use -T AUTO to determine best number of threads.
225  Q.mammal+R2   3887.986     25  7825.971     7828.525     7933.028
WARNING: Normalizing state frequencies so that sum of them equals to 1
WARNING: Number of threads seems too high for short alignments. Use -T AUTO to determine best number of threads.
245  Q.mammal+F+G4 3843.689     43  7773.377     7781.084     7957.515
WARNING: Normalizing state frequencies so that sum of them equals to 1
WARNING: Number of threads seems too high for short alignments. Use -T AUTO to determine best number of threads.
246  Q.mammal+F+I+G4 3842.671     44  7773.342     7781.423     7961.762
WARNING: Normalizing state frequencies so that sum of them equals to 1
WARNING: Number of threads seems too high for short alignments. Use -T AUTO to determine best number of threads.
247  Q.mammal+F+R2 3846.740     44  7781.480     7789.562     7969.900
WARNING: Number of threads seems too high for short alignments. Use -T AUTO to determine best number of threads.
267  Q.insect+G4   3836.325     24  7720.651     7723.004     7823.425
WARNING: Number of threads seems too high for short alignments. Use -T AUTO to determine best number of threads.
268  Q.insect+I+G4 3835.687     25  7721.373     7723.927     7828.430
WARNING: Number of threads seems too high for short alignments. Use -T AUTO to determine best number of threads.
269  Q.insect+R2   3837.900     25  7725.799     7728.354     7832.856
WARNING: Number of threads seems too high for short alignments. Use -T AUTO to determine best number of threads.
289  Q.insect+F+G4 3781.948     43  7649.895     7657.602     7834.033
WARNING: Number of threads seems too high for short alignments. Use -T AUTO to determine best number of threads.
290  Q.insect+F+I+G4 3781.004     44  7650.008     7658.090     7838.428
WARNING: Number of threads seems too high for short alignments. Use -T AUTO to determine best number of threads.
291  Q.insect+F+R2 3783.404     44  7654.809     7662.890     7843.228
WARNING: Normalizing state frequencies so that sum of them equals to 1
WARNING: Number of threads seems too high for short alignments. Use -T AUTO to determine best number of threads.
311  Q.plant+G4    3855.860     24  7759.719     7762.072     7862.494
WARNING: Normalizing state frequencies so that sum of them equals to 1
WARNING: Number of threads seems too high for short alignments. Use -T AUTO to determine best number of threads.
312  Q.plant+I+G4  3855.131     25  7760.261     7762.815     7867.318
WARNING: Normalizing state frequencies so that sum of them equals to 1
WARNING: Number of threads seems too high for short alignments. Use -T AUTO to determine best number of threads.
313  Q.plant+R2    3859.206     25  7768.412     7770.966     7875.469
WARNING: Normalizing state frequencies so that sum of them equals to 1
WARNING: Number of threads seems too high for short alignments. Use -T AUTO to determine best number of threads.
333  Q.plant+F+G4  3818.646     43  7723.292     7730.999     7907.430
WARNING: Normalizing state frequencies so that sum of them equals to 1
WARNING: Number of threads seems too high for short alignments. Use -T AUTO to determine best number of threads.
334  Q.plant+F+I+G4 3817.615     44  7723.230     7731.312     7911.650
WARNING: Normalizing state frequencies so that sum of them equals to 1
WARNING: Number of threads seems too high for short alignments. Use -T AUTO to determine best number of threads.
335  Q.plant+F+R2  3822.079     44  7732.158     7740.240     7920.578
WARNING: Normalizing state frequencies so that sum of them equals to 1
WARNING: Number of threads seems too high for short alignments. Use -T AUTO to determine best number of threads.
355  Q.yeast+G4    3833.962     24  7715.924     7718.277     7818.698
WARNING: Normalizing state frequencies so that sum of them equals to 1
WARNING: Number of threads seems too high for short alignments. Use -T AUTO to determine best number of threads.
356  Q.yeast+I+G4  3833.370     25  7716.740     7719.294     7823.797
WARNING: Normalizing state frequencies so that sum of them equals to 1
WARNING: Number of threads seems too high for short alignments. Use -T AUTO to determine best number of threads.
357  Q.yeast+R2    3835.648     25  7721.296     7723.850     7828.353
WARNING: Normalizing state frequencies so that sum of them equals to 1
WARNING: Number of threads seems too high for short alignments. Use -T AUTO to determine best number of threads.
377  Q.yeast+F+G4  3775.473     43  7636.945     7644.652     7821.083
WARNING: Normalizing state frequencies so that sum of them equals to 1
WARNING: Number of threads seems too high for short alignments. Use -T AUTO to determine best number of threads.
378  Q.yeast+F+I+G4 3774.611     44  7637.221     7645.303     7825.641
WARNING: Normalizing state frequencies so that sum of them equals to 1
WARNING: Number of threads seems too high for short alignments. Use -T AUTO to determine best number of threads.
379  Q.yeast+F+R2  3776.977     44  7641.953     7650.035     7830.373
WARNING: Number of threads seems too high for short alignments. Use -T AUTO to determine best number of threads.
399  JTTDCMut+G4   3826.167     24  7700.334     7702.687     7803.108
WARNING: Number of threads seems too high for short alignments. Use -T AUTO to determine best number of threads.
400  JTTDCMut+I+G4 3825.323     25  7700.646     7703.200     7807.703
WARNING: Number of threads seems too high for short alignments. Use -T AUTO to determine best number of threads.
401  JTTDCMut+R2   3827.680     25  7705.360     7707.914     7812.417
WARNING: Number of threads seems too high for short alignments. Use -T AUTO to determine best number of threads.
421  JTTDCMut+F+G4 3806.439     43  7698.878     7706.585     7883.015
WARNING: Number of threads seems too high for short alignments. Use -T AUTO to determine best number of threads.
422  JTTDCMut+F+I+G4 3805.337     44  7698.674     7706.756     7887.094
WARNING: Number of threads seems too high for short alignments. Use -T AUTO to determine best number of threads.
423  JTTDCMut+F+R2 3808.091     44  7704.181     7712.263     7892.601
WARNING: Number of threads seems too high for short alignments. Use -T AUTO to determine best number of threads.
443  DCMut+G4      3863.191     24  7774.382     7776.735     7877.157
WARNING: Number of threads seems too high for short alignments. Use -T AUTO to determine best number of threads.
444  DCMut+I+G4    3862.027     25  7774.053     7776.607     7881.110
WARNING: Number of threads seems too high for short alignments. Use -T AUTO to determine best number of threads.
445  DCMut+R2      3865.832     25  7781.664     7784.218     7888.721
WARNING: Number of threads seems too high for short alignments. Use -T AUTO to determine best number of threads.
465  DCMut+F+G4    3817.126     43  7720.251     7727.958     7904.389
WARNING: Number of threads seems too high for short alignments. Use -T AUTO to determine best number of threads.
466  DCMut+F+I+G4  3815.687     44  7719.375     7727.457     7907.795
WARNING: Number of threads seems too high for short alignments. Use -T AUTO to determine best number of threads.
467  DCMut+F+R2    3820.057     44  7728.113     7736.195     7916.533
WARNING: Number of threads seems too high for short alignments. Use -T AUTO to determine best number of threads.
487  VT+G4         3810.668     24  7669.336     7671.689     7772.111
WARNING: Number of threads seems too high for short alignments. Use -T AUTO to determine best number of threads.
488  VT+I+G4       3809.469     25  7668.938     7671.492     7775.995
WARNING: Number of threads seems too high for short alignments. Use -T AUTO to determine best number of threads.
489  VT+R2         3810.992     25  7671.984     7674.538     7779.041
WARNING: Number of threads seems too high for short alignments. Use -T AUTO to determine best number of threads.
509  VT+F+G4       3787.916     43  7661.833     7669.539     7845.970
WARNING: Number of threads seems too high for short alignments. Use -T AUTO to determine best number of threads.
510  VT+F+I+G4     3786.366     44  7660.733     7668.814     7849.152
WARNING: Number of threads seems too high for short alignments. Use -T AUTO to determine best number of threads.
511  VT+F+R2       3788.102     44  7664.204     7672.286     7852.624
WARNING: Number of threads seems too high for short alignments. Use -T AUTO to determine best number of threads.
531  PMB+G4        3818.634     24  7685.269     7687.622     7788.043
WARNING: Number of threads seems too high for short alignments. Use -T AUTO to determine best number of threads.
532  PMB+I+G4      3817.427     25  7684.855     7687.409     7791.912
WARNING: Number of threads seems too high for short alignments. Use -T AUTO to determine best number of threads.
533  PMB+R2        3818.859     25  7687.718     7690.272     7794.774
WARNING: Number of threads seems too high for short alignments. Use -T AUTO to determine best number of threads.
553  PMB+F+G4      3797.081     43  7680.162     7687.868     7864.299
WARNING: Number of threads seems too high for short alignments. Use -T AUTO to determine best number of threads.
554  PMB+F+I+G4    3795.521     44  7679.042     7687.123     7867.461
WARNING: Number of threads seems too high for short alignments. Use -T AUTO to determine best number of threads.
555  PMB+F+R2      3797.097     44  7682.194     7690.276     7870.614
WARNING: Number of threads seems too high for short alignments. Use -T AUTO to determine best number of threads.
575  Blosum62+G4   3813.858     24  7675.716     7678.069     7778.490
WARNING: Number of threads seems too high for short alignments. Use -T AUTO to determine best number of threads.
576  Blosum62+I+G4 3812.846     25  7675.692     7678.246     7782.749
WARNING: Number of threads seems too high for short alignments. Use -T AUTO to determine best number of threads.
577  Blosum62+R2   3814.191     25  7678.382     7680.936     7785.438
WARNING: Number of threads seems too high for short alignments. Use -T AUTO to determine best number of threads.
597  Blosum62+F+G4 3790.306     43  7666.613     7674.320     7850.750
WARNING: Number of threads seems too high for short alignments. Use -T AUTO to determine best number of threads.
598  Blosum62+F+I+G4 3788.837     44  7665.675     7673.757     7854.095
WARNING: Number of threads seems too high for short alignments. Use -T AUTO to determine best number of threads.
599  Blosum62+F+R2 3790.346     44  7668.691     7676.773     7857.111
WARNING: Number of threads seems too high for short alignments. Use -T AUTO to determine best number of threads.
619  Dayhoff+G4    3863.089     24  7774.179     7776.532     7876.953
WARNING: Number of threads seems too high for short alignments. Use -T AUTO to determine best number of threads.
620  Dayhoff+I+G4  3861.916     25  7773.832     7776.386     7880.888
WARNING: Number of threads seems too high for short alignments. Use -T AUTO to determine best number of threads.
621  Dayhoff+R2    3865.755     25  7781.511     7784.065     7888.568
WARNING: Number of threads seems too high for short alignments. Use -T AUTO to determine best number of threads.
641  Dayhoff+F+G4  3816.972     43  7719.944     7727.651     7904.081
WARNING: Number of threads seems too high for short alignments. Use -T AUTO to determine best number of threads.
642  Dayhoff+F+I+G4 3815.524     44  7719.048     7727.130     7907.468
WARNING: Number of threads seems too high for short alignments. Use -T AUTO to determine best number of threads.
643  Dayhoff+F+R2  3819.938     44  7727.877     7735.959     7916.297
WARNING: Number of threads seems too high for short alignments. Use -T AUTO to determine best number of threads.
663  mtREV+G4      3997.378     24  8042.755     8045.108     8145.529
WARNING: Number of threads seems too high for short alignments. Use -T AUTO to determine best number of threads.
664  mtREV+I+G4    3997.984     25  8045.968     8048.522     8153.025
WARNING: Number of threads seems too high for short alignments. Use -T AUTO to determine best number of threads.
665  mtREV+R2      4000.595     25  8051.189     8053.743     8158.246
WARNING: Number of threads seems too high for short alignments. Use -T AUTO to determine best number of threads.
685  mtREV+F+G4    3820.649     43  7727.298     7735.004     7911.435
WARNING: Number of threads seems too high for short alignments. Use -T AUTO to determine best number of threads.
686  mtREV+F+I+G4  3820.010     44  7728.019     7736.101     7916.439
WARNING: Number of threads seems too high for short alignments. Use -T AUTO to determine best number of threads.
687  mtREV+F+R2    3824.189     44  7736.378     7744.459     7924.798
WARNING: Number of threads seems too high for short alignments. Use -T AUTO to determine best number of threads.
707  mtART+G4      4011.928     24  8071.855     8074.208     8174.630
WARNING: Number of threads seems too high for short alignments. Use -T AUTO to determine best number of threads.
708  mtART+I+G4    4013.290     25  8076.580     8079.134     8183.636
WARNING: Number of threads seems too high for short alignments. Use -T AUTO to determine best number of threads.
709  mtART+R2      4022.319     25  8094.638     8097.192     8201.695
WARNING: Number of threads seems too high for short alignments. Use -T AUTO to determine best number of threads.
729  mtART+F+G4    3840.533     43  7767.066     7774.773     7951.204
WARNING: Number of threads seems too high for short alignments. Use -T AUTO to determine best number of threads.
730  mtART+F+I+G4  3840.709     44  7769.419     7777.500     7957.838
WARNING: Number of threads seems too high for short alignments. Use -T AUTO to determine best number of threads.
731  mtART+F+R2    3847.412     44  7782.824     7790.906     7971.244
WARNING: Number of threads seems too high for short alignments. Use -T AUTO to determine best number of threads.
751  mtZOA+G4      3967.397     24  7982.794     7985.147     8085.568
WARNING: Number of threads seems too high for short alignments. Use -T AUTO to determine best number of threads.
752  mtZOA+I+G4    3969.048     25  7988.095     7990.649     8095.152
WARNING: Number of threads seems too high for short alignments. Use -T AUTO to determine best number of threads.
753  mtZOA+R2      3971.833     25  7993.665     7996.219     8100.722
WARNING: Number of threads seems too high for short alignments. Use -T AUTO to determine best number of threads.
773  mtZOA+F+G4    3818.658     43  7723.315     7731.022     7907.453
WARNING: Number of threads seems too high for short alignments. Use -T AUTO to determine best number of threads.
774  mtZOA+F+I+G4  3818.710     44  7725.420     7733.502     7913.840
WARNING: Number of threads seems too high for short alignments. Use -T AUTO to determine best number of threads.
775  mtZOA+F+R2    3822.726     44  7733.452     7741.534     7921.872
WARNING: Number of threads seems too high for short alignments. Use -T AUTO to determine best number of threads.
795  mtMet+G4      4016.765     24  8081.530     8083.883     8184.304
WARNING: Number of threads seems too high for short alignments. Use -T AUTO to determine best number of threads.
796  mtMet+I+G4    4017.841     25  8085.683     8088.237     8192.740
WARNING: Number of threads seems too high for short alignments. Use -T AUTO to determine best number of threads.
797  mtMet+R2      4020.201     25  8090.401     8092.955     8197.458
WARNING: Number of threads seems too high for short alignments. Use -T AUTO to determine best number of threads.
817  mtMet+F+G4    3836.137     43  7758.273     7765.980     7942.411
WARNING: Number of threads seems too high for short alignments. Use -T AUTO to determine best number of threads.
818  mtMet+F+I+G4  3835.963     44  7759.925     7768.007     7948.345
WARNING: Number of threads seems too high for short alignments. Use -T AUTO to determine best number of threads.
819  mtMet+F+R2    3839.397     44  7766.794     7774.875     7955.213
WARNING: Number of threads seems too high for short alignments. Use -T AUTO to determine best number of threads.
839  mtVer+G4      4067.869     24  8183.738     8186.090     8286.512
WARNING: Number of threads seems too high for short alignments. Use -T AUTO to determine best number of threads.
840  mtVer+I+G4    4069.441     25  8188.883     8191.437     8295.939
WARNING: Number of threads seems too high for short alignments. Use -T AUTO to determine best number of threads.
841  mtVer+R2      4075.177     25  8200.354     8202.908     8307.411
WARNING: Number of threads seems too high for short alignments. Use -T AUTO to determine best number of threads.
861  mtVer+F+G4    3886.659     43  7859.319     7867.025     8043.456
WARNING: Number of threads seems too high for short alignments. Use -T AUTO to determine best number of threads.
862  mtVer+F+I+G4  3886.168     44  7860.336     7868.418     8048.756
WARNING: Number of threads seems too high for short alignments. Use -T AUTO to determine best number of threads.
863  mtVer+F+R2    3894.619     44  7877.238     7885.320     8065.658
WARNING: Number of threads seems too high for short alignments. Use -T AUTO to determine best number of threads.
883  mtInv+G4      4037.387     24  8122.774     8125.127     8225.549
WARNING: Number of threads seems too high for short alignments. Use -T AUTO to determine best number of threads.
884  mtInv+I+G4    4037.966     25  8125.933     8128.487     8232.990
WARNING: Number of threads seems too high for short alignments. Use -T AUTO to determine best number of threads.
885  mtInv+R2      4039.374     25  8128.747     8131.301     8235.804
WARNING: Number of threads seems too high for short alignments. Use -T AUTO to determine best number of threads.
905  mtInv+F+G4    3812.351     43  7710.703     7718.409     7894.840
WARNING: Number of threads seems too high for short alignments. Use -T AUTO to determine best number of threads.
906  mtInv+F+I+G4  3811.824     44  7711.648     7719.729     7900.067
WARNING: Number of threads seems too high for short alignments. Use -T AUTO to determine best number of threads.
907  mtInv+F+R2    3814.311     44  7716.621     7724.703     7905.041
WARNING: Number of threads seems too high for short alignments. Use -T AUTO to determine best number of threads.
927  mtMAM+G4      4060.350     24  8168.700     8171.053     8271.475
WARNING: Number of threads seems too high for short alignments. Use -T AUTO to determine best number of threads.
928  mtMAM+I+G4    4061.553     25  8173.105     8175.659     8280.162
WARNING: Number of threads seems too high for short alignments. Use -T AUTO to determine best number of threads.
929  mtMAM+R2      4078.020     25  8206.039     8208.593     8313.096
WARNING: Number of threads seems too high for short alignments. Use -T AUTO to determine best number of threads.
949  mtMAM+F+G4    3878.315     43  7842.629     7850.336     8026.767
WARNING: Number of threads seems too high for short alignments. Use -T AUTO to determine best number of threads.
950  mtMAM+F+I+G4  3877.177     44  7842.355     7850.437     8030.775
WARNING: Number of threads seems too high for short alignments. Use -T AUTO to determine best number of threads.
951  mtMAM+F+R2    3892.086     44  7872.172     7880.253     8060.591
WARNING: Normalizing state frequencies so that sum of them equals to 1
WARNING: Number of threads seems too high for short alignments. Use -T AUTO to determine best number of threads.
971  FLAVI+G4      3944.209     24  7936.418     7938.771     8039.192
WARNING: Normalizing state frequencies so that sum of them equals to 1
WARNING: Number of threads seems too high for short alignments. Use -T AUTO to determine best number of threads.
972  FLAVI+I+G4    3943.335     25  7936.670     7939.224     8043.726
WARNING: Normalizing state frequencies so that sum of them equals to 1
WARNING: Number of threads seems too high for short alignments. Use -T AUTO to determine best number of threads.
973  FLAVI+R2      3955.653     25  7961.307     7963.861     8068.364
WARNING: Normalizing state frequencies so that sum of them equals to 1
WARNING: Number of threads seems too high for short alignments. Use -T AUTO to determine best number of threads.
993  FLAVI+F+G4    3919.097     43  7924.194     7931.901     8108.331
WARNING: Normalizing state frequencies so that sum of them equals to 1
WARNING: Number of threads seems too high for short alignments. Use -T AUTO to determine best number of threads.
994  FLAVI+F+I+G4  3917.332     44  7922.664     7930.746     8111.084
WARNING: Normalizing state frequencies so that sum of them equals to 1
WARNING: Number of threads seems too high for short alignments. Use -T AUTO to determine best number of threads.
995  FLAVI+F+R2    3931.619     44  7951.238     7959.319     8139.657
WARNING: Number of threads seems too high for short alignments. Use -T AUTO to determine best number of threads.
1015  HIVb+G4       3898.628     24  7845.257     7847.610     7948.031
WARNING: Number of threads seems too high for short alignments. Use -T AUTO to determine best number of threads.
1016  HIVb+I+G4     3897.290     25  7844.579     7847.133     7951.636
WARNING: Number of threads seems too high for short alignments. Use -T AUTO to determine best number of threads.
1017  HIVb+R2       3905.822     25  7861.644     7864.198     7968.701
WARNING: Number of threads seems too high for short alignments. Use -T AUTO to determine best number of threads.
1037  HIVb+F+G4     3879.630     43  7845.259     7852.966     8029.397
WARNING: Number of threads seems too high for short alignments. Use -T AUTO to determine best number of threads.
1038  HIVb+F+I+G4   3878.041     44  7844.082     7852.164     8032.502
WARNING: Number of threads seems too high for short alignments. Use -T AUTO to determine best number of threads.
1039  HIVb+F+R2     3887.669     44  7863.338     7871.420     8051.758
WARNING: Number of threads seems too high for short alignments. Use -T AUTO to determine best number of threads.
1059  HIVw+G4       3993.377     24  8034.754     8037.107     8137.528
WARNING: Number of threads seems too high for short alignments. Use -T AUTO to determine best number of threads.
1060  HIVw+I+G4     3990.804     25  8031.609     8034.163     8138.665
WARNING: Number of threads seems too high for short alignments. Use -T AUTO to determine best number of threads.
1061  HIVw+R2       4005.629     25  8061.257     8063.811     8168.314
WARNING: Number of threads seems too high for short alignments. Use -T AUTO to determine best number of threads.
1081  HIVw+F+G4     3951.824     43  7989.648     7997.355     8173.785
WARNING: Number of threads seems too high for short alignments. Use -T AUTO to determine best number of threads.
1082  HIVw+F+I+G4   3949.156     44  7986.312     7994.394     8174.732
WARNING: Number of threads seems too high for short alignments. Use -T AUTO to determine best number of threads.
1083  HIVw+F+R2     3964.121     44  8016.242     8024.324     8204.662
WARNING: Number of threads seems too high for short alignments. Use -T AUTO to determine best number of threads.
1103  FLU+G4        3861.502     24  7771.004     7773.357     7873.779
WARNING: Number of threads seems too high for short alignments. Use -T AUTO to determine best number of threads.
1104  FLU+I+G4      3860.611     25  7771.223     7773.777     7878.279
WARNING: Number of threads seems too high for short alignments. Use -T AUTO to determine best number of threads.
1105  FLU+R2        3866.604     25  7783.208     7785.762     7890.265
WARNING: Number of threads seems too high for short alignments. Use -T AUTO to determine best number of threads.
1125  FLU+F+G4      3849.160     43  7784.320     7792.027     7968.457
WARNING: Number of threads seems too high for short alignments. Use -T AUTO to determine best number of threads.
1126  FLU+F+I+G4    3848.396     44  7784.792     7792.873     7973.211
WARNING: Number of threads seems too high for short alignments. Use -T AUTO to determine best number of threads.
1127  FLU+F+R2      3853.970     44  7795.941     7804.023     7984.361
WARNING: Number of threads seems too high for short alignments. Use -T AUTO to determine best number of threads.
1147  rtREV+G4      3815.222     24  7678.444     7680.797     7781.218
WARNING: Number of threads seems too high for short alignments. Use -T AUTO to determine best number of threads.
1148  rtREV+I+G4    3814.964     25  7679.929     7682.483     7786.986
WARNING: Number of threads seems too high for short alignments. Use -T AUTO to determine best number of threads.
1149  rtREV+R2      3816.736     25  7683.473     7686.027     7790.530
WARNING: Number of threads seems too high for short alignments. Use -T AUTO to determine best number of threads.
1169  rtREV+F+G4    3778.930     43  7643.859     7651.566     7827.997
WARNING: Number of threads seems too high for short alignments. Use -T AUTO to determine best number of threads.
1170  rtREV+F+I+G4  3778.165     44  7644.330     7652.411     7832.749
WARNING: Number of threads seems too high for short alignments. Use -T AUTO to determine best number of threads.
1171  rtREV+F+R2    3780.344     44  7648.687     7656.769     7837.107
WARNING: Number of threads seems too high for short alignments. Use -T AUTO to determine best number of threads.
1191  cpREV+G4      3830.109     24  7708.217     7710.570     7810.992
WARNING: Number of threads seems too high for short alignments. Use -T AUTO to determine best number of threads.
1192  cpREV+I+G4    3829.634     25  7709.268     7711.822     7816.325
WARNING: Number of threads seems too high for short alignments. Use -T AUTO to determine best number of threads.
1193  cpREV+R2      3831.621     25  7713.243     7715.797     7820.299
WARNING: Number of threads seems too high for short alignments. Use -T AUTO to determine best number of threads.
1213  cpREV+F+G4    3810.288     43  7706.575     7714.282     7890.712
WARNING: Number of threads seems too high for short alignments. Use -T AUTO to determine best number of threads.
1214  cpREV+F+I+G4  3809.428     44  7706.856     7714.938     7895.276
WARNING: Number of threads seems too high for short alignments. Use -T AUTO to determine best number of threads.
1215  cpREV+F+R2    3812.740     44  7713.479     7721.561     7901.899
Akaike Information Criterion:           Q.pfam+F+G4
Corrected Akaike Information Criterion: Q.pfam+F+G4
Bayesian Information Criterion:         Q.pfam+G4
Best-fit model: Q.pfam+G4 chosen according to BIC

All model information printed to output/BA3_CA8_0/4.TerL_phylogenetic_tree/TerL_tree/TerL.aln.model.gz
CPU time for ModelFinder: 6711.841 seconds (1h:51m:51s)
Wall-clock time for ModelFinder: 1659.416 seconds (0h:27m:39s)
Generating 1000 samples for ultrafast bootstrap (seed: 104201)...
WARNING: Normalizing state frequencies so that sum of them equals to 1

NOTE: 3 MB RAM (0 GB) is required!
WARNING: Number of threads seems too high for short alignments. Use -T AUTO to determine best number of threads.
Estimate model parameters (epsilon = 0.100)
1. Initial log-likelihood: -3805.974
Optimal log-likelihood: -3805.974
Gamma shape alpha: 0.555
Parameters optimization took 1 rounds (1.131 sec)
Wrote distance file to... 
Computing ML distances based on estimated model parameters...
Calculating distance matrix: done in 0.0170917 secs using 471.9% CPU
Computing ML distances took 0.074669 sec (of wall-clock time) 0.279218 sec (of CPU time)
Setting up auxiliary I and S matrices: done in 0.0681317 secs using 232.9% CPU
Constructing RapidNJ tree: done in 1.10499 secs using 181.7% CPU
Computing RapidNJ tree took 1.173525 sec (of wall-clock time) 2.167998 sec (of CPU time)
Log-likelihood of RapidNJ tree: -3805.469
--------------------------------------------------------------------
|             INITIALIZING CANDIDATE TREE SET                      |
--------------------------------------------------------------------
Generating 98 parsimony trees... 0.209 second
Computing log-likelihood of 98 initial trees ... 122.422 seconds
Current best score: -3805.469

Do NNI search on 20 best initial trees
Optimizing NNI: done in 7.9485 secs using 419.4% CPU
Estimate model parameters (epsilon = 0.100)
BETTER TREE FOUND at iteration 1: -3805.469
Optimizing NNI: done in 7.34714 secs using 442.2% CPU
Optimizing NNI: done in 6.37446 secs using 452.7% CPU
Optimizing NNI: done in 9.90445 secs using 396.1% CPU
Optimizing NNI: done in 11.3059 secs using 408.6% CPU
Optimizing NNI: done in 10.0131 secs using 468.2% CPU
Optimizing NNI: done in 10.9124 secs using 428.1% CPU
Optimizing NNI: done in 12.3243 secs using 382.7% CPU
Optimizing NNI: done in 11.4221 secs using 420.8% CPU
Optimizing NNI: done in 10.5866 secs using 445.1% CPU
Iteration 10 / LogL: -3805.977 / Time: 0h:3m:49s
Optimizing NNI: done in 15.214 secs using 449.1% CPU
UPDATE BEST LOG-LIKELIHOOD: -3805.467
Optimizing NNI: done in 28.8385 secs using 410.5% CPU
Optimizing NNI: done in 28.1984 secs using 448.4% CPU
Optimizing NNI: done in 17.4099 secs using 466% CPU
Optimizing NNI: done in 15.2726 secs using 507% CPU
Optimizing NNI: done in 12.0907 secs using 488.4% CPU
Optimizing NNI: done in 29.9542 secs using 450.2% CPU
Optimizing NNI: done in 21.9597 secs using 466.1% CPU
Optimizing NNI: done in 12.7654 secs using 478.4% CPU
Optimizing NNI: done in 15.9114 secs using 461% CPU
Iteration 20 / LogL: -3805.468 / Time: 0h:7m:8s
Finish initializing candidate tree set (3)
Current best tree score: -3805.467 / CPU time: 421.002
Number of iterations: 20
--------------------------------------------------------------------
|               OPTIMIZING CANDIDATE TREE SET                      |
--------------------------------------------------------------------
Optimizing NNI: done in 19.2065 secs using 516.5% CPU
Optimizing NNI: done in 7.41294 secs using 518.2% CPU
Optimizing NNI: done in 21.5036 secs using 502.7% CPU
Optimizing NNI: done in 18.4959 secs using 512.4% CPU
Optimizing NNI: done in 45.168 secs using 501.2% CPU
Optimizing NNI: done in 17.2364 secs using 512.3% CPU
Optimizing NNI: done in 33.9665 secs using 521.6% CPU
UPDATE BEST LOG-LIKELIHOOD: -3805.467
Optimizing NNI: done in 12.1571 secs using 555.7% CPU
Optimizing NNI: done in 16.1747 secs using 510.2% CPU
Optimizing NNI: done in 24.9295 secs using 542.6% CPU
Iteration 30 / LogL: -3855.880 / Time: 0h:10m:45s (0h:26m:19s left)
Optimizing NNI: done in 15.5004 secs using 535.3% CPU
Optimizing NNI: done in 22.2513 secs using 486.6% CPU
Optimizing NNI: done in 14.3457 secs using 518.7% CPU
Optimizing NNI: done in 22.1088 secs using 413.1% CPU
Optimizing NNI: done in 16.2583 secs using 538.8% CPU
Optimizing NNI: done in 9.65375 secs using 560.6% CPU
Optimizing NNI: done in 25.7172 secs using 491% CPU
Optimizing NNI: done in 54.6996 secs using 475% CPU
Optimizing NNI: done in 22.0748 secs using 473.4% CPU
Optimizing NNI: done in 17.9424 secs using 472% CPU
Iteration 40 / LogL: -3805.975 / Time: 0h:14m:26s (0h:22m:34s left)
Optimizing NNI: done in 3.48641 secs using 576.6% CPU
Optimizing NNI: done in 17.5085 secs using 471.9% CPU
Optimizing NNI: done in 20.0818 secs using 459.3% CPU
UPDATE BEST LOG-LIKELIHOOD: -3805.467
Optimizing NNI: done in 30.0938 secs using 454.5% CPU
Optimizing NNI: done in 24.486 secs using 418.3% CPU
Optimizing NNI: done in 31.2307 secs using 490% CPU
Optimizing NNI: done in 18.6124 secs using 469.2% CPU
Optimizing NNI: done in 21.9021 secs using 450.3% CPU
Optimizing NNI: done in 26.7853 secs using 500.1% CPU
Optimizing NNI: done in 25.5767 secs using 402.4% CPU
Iteration 50 / LogL: -3805.975 / Time: 0h:18m:6s (0h:18m:51s left)
Log-likelihood cutoff on original alignment: -3836.726
Optimizing NNI: done in 27.7551 secs using 418.3% CPU
Optimizing NNI: done in 23.3204 secs using 413.5% CPU
Optimizing NNI: done in 19.9406 secs using 491.1% CPU
Optimizing NNI: done in 31.5279 secs using 460.8% CPU
Optimizing NNI: done in 28.7228 secs using 504.5% CPU
UPDATE BEST LOG-LIKELIHOOD: -3805.467
Optimizing NNI: done in 31.8695 secs using 430.4% CPU
Optimizing NNI: done in 26.2962 secs using 479.7% CPU
Optimizing NNI: done in 18.7972 secs using 434.1% CPU
Optimizing NNI: done in 19.5411 secs using 423.8% CPU
Optimizing NNI: done in 16.7511 secs using 371% CPU
Iteration 60 / LogL: -3805.982 / Time: 0h:22m:12s (0h:15m:25s left)
Optimizing NNI: done in 15.5247 secs using 524.6% CPU
Optimizing NNI: done in 11.6227 secs using 505.7% CPU
Optimizing NNI: done in 12.7081 secs using 462.3% CPU
Optimizing NNI: done in 31.8774 secs using 449% CPU
Optimizing NNI: done in 6.1669 secs using 589.7% CPU
Optimizing NNI: done in 17.9965 secs using 522.9% CPU
Optimizing NNI: done in 0.302158 secs using 832.6% CPU
Optimizing NNI: done in 18.6249 secs using 526.7% CPU
Optimizing NNI: done in 32.6929 secs using 467.1% CPU
Optimizing NNI: done in 12.4814 secs using 507.1% CPU
Iteration 70 / LogL: -3805.763 / Time: 0h:24m:52s (0h:11m:10s left)
Optimizing NNI: done in 17.1301 secs using 477.4% CPU
Optimizing NNI: done in 22.8282 secs using 479.2% CPU
Optimizing NNI: done in 22.4042 secs using 559.4% CPU
Optimizing NNI: done in 24.8648 secs using 477.8% CPU
Optimizing NNI: done in 20.6253 secs using 461.3% CPU
Optimizing NNI: done in 3.9705 secs using 566.4% CPU
Optimizing NNI: done in 15.2739 secs using 546% CPU
Optimizing NNI: done in 13.1063 secs using 557.3% CPU
Optimizing NNI: done in 15.6461 secs using 517.2% CPU
Optimizing NNI: done in 11.7786 secs using 463.1% CPU
Iteration 80 / LogL: -3805.975 / Time: 0h:27m:41s (0h:7m:21s left)
Optimizing NNI: done in 27.7394 secs using 503.5% CPU
Optimizing NNI: done in 32.6993 secs using 492.9% CPU
Optimizing NNI: done in 30.1304 secs using 515.4% CPU
Optimizing NNI: done in 15.9385 secs using 570.1% CPU
Optimizing NNI: done in 36.5278 secs using 480.8% CPU
Optimizing NNI: done in 9.73062 secs using 524.2% CPU
Optimizing NNI: done in 0.648316 secs using 711.1% CPU
Optimizing NNI: done in 17.3509 secs using 498.8% CPU
Optimizing NNI: done in 25.5901 secs using 527% CPU
Optimizing NNI: done in 16.956 secs using 559.4% CPU
Iteration 90 / LogL: -3805.468 / Time: 0h:31m:15s (0h:3m:51s left)
Optimizing NNI: done in 19.881 secs using 535.2% CPU
Optimizing NNI: done in 17.6251 secs using 455% CPU
Optimizing NNI: done in 11.478 secs using 509.4% CPU
Optimizing NNI: done in 18.7838 secs using 457.5% CPU
Optimizing NNI: done in 27.6167 secs using 474.3% CPU
Optimizing NNI: done in 4.68885 secs using 497% CPU
Optimizing NNI: done in 17.8118 secs using 492.3% CPU
Optimizing NNI: done in 16.8861 secs using 501% CPU
Optimizing NNI: done in 1.76873 secs using 752.2% CPU
Optimizing NNI: done in 0.354913 secs using 815.3% CPU
Iteration 100 / LogL: -3805.501 / Time: 0h:33m:32s (0h:0m:20s left)
Log-likelihood cutoff on original alignment: -3837.106
NOTE: Bootstrap correlation coefficient of split occurrence frequencies: 0.996
Optimizing NNI: done in 19.857 secs using 485.2% CPU
Optimizing NNI: done in 5.9728 secs using 497.9% CPU
TREE SEARCH COMPLETED AFTER 102 ITERATIONS / Time: 0h:33m:59s

--------------------------------------------------------------------
|                    FINALIZING TREE SEARCH                        |
--------------------------------------------------------------------
Performs final model parameters optimization
Estimate model parameters (epsilon = 0.010)
1. Initial log-likelihood: -3805.467
Optimal log-likelihood: -3805.467
Gamma shape alpha: 0.553
Parameters optimization took 1 rounds (0.231 sec)
BEST SCORE FOUND : -3805.467
Creating bootstrap support values...
Split supports printed to NEXUS file output/BA3_CA8_0/4.TerL_phylogenetic_tree/TerL_tree/TerL.aln.splits.nex
Total tree length: 1.191

Total number of iterations: 102
CPU time used for tree search: 9692.711 sec (2h:41m:32s)
Wall-clock time used for tree search: 2031.989 sec (0h:33m:51s)
Total CPU time used: 9718.454 sec (2h:41m:58s)
Total wall-clock time used: 2039.369 sec (0h:33m:59s)

Computing bootstrap consensus tree...
Reading input file output/BA3_CA8_0/4.TerL_phylogenetic_tree/TerL_tree/TerL.aln.splits.nex...
13 taxa and 49 splits.
Consensus tree written to output/BA3_CA8_0/4.TerL_phylogenetic_tree/TerL_tree/TerL.aln.contree
Reading input trees file output/BA3_CA8_0/4.TerL_phylogenetic_tree/TerL_tree/TerL.aln.contree
Log-likelihood of consensus tree: -3805.475

Analysis results written to: 
  IQ-TREE report:                output/BA3_CA8_0/4.TerL_phylogenetic_tree/TerL_tree/TerL.aln.iqtree
  Maximum-likelihood tree:       output/BA3_CA8_0/4.TerL_phylogenetic_tree/TerL_tree/TerL.aln.treefile
  Likelihood distances:          output/BA3_CA8_0/4.TerL_phylogenetic_tree/TerL_tree/TerL.aln.mldist

Ultrafast bootstrap approximation results written to:
  Split support values:          output/BA3_CA8_0/4.TerL_phylogenetic_tree/TerL_tree/TerL.aln.splits.nex
  Consensus tree:                output/BA3_CA8_0/4.TerL_phylogenetic_tree/TerL_tree/TerL.aln.contree
  Screen log file:               output/BA3_CA8_0/4.TerL_phylogenetic_tree/TerL_tree/TerL.aln.log

ALISIM COMMAND
--------------
--alisim simulated_MSA -t output/BA3_CA8_0/4.TerL_phylogenetic_tree/TerL_tree/TerL.aln.treefile -m "Q.pfam+G4{0.552996}" --length 535

Date and Time: Sat Dec  2 01:38:54 2023
