IQ-TREE multicore version 2.3.6 for Linux x86 64-bit built Aug  4 2024
Developed by Bui Quang Minh, Nguyen Lam Tung, Olga Chernomor, Heiko Schmidt,
Dominik Schrempf, Michael Woodhams, Ly Trong Nhan, Thomas Wong

Host:    node5 (AVX512, FMA3, 1510 GB RAM)
Command: iqtree -s /public/home/pangrui/huangshixuan/study/phagesnake/output/vB_VpP_AC2_0/4.TerL_phylogenetic_tree/TerL_tree/TerL.aln -T 20 -B 1000 --redo-tree
Seed:    956131 (Using SPRNG - Scalable Parallel Random Number Generator)
Time:    Thu Jan  2 10:56:19 2025
Kernel:  AVX+FMA - 20 threads (80 CPU cores detected)

Reading alignment file /public/home/pangrui/huangshixuan/study/phagesnake/output/vB_VpP_AC2_0/4.TerL_phylogenetic_tree/TerL_tree/TerL.aln ... Fasta format detected
Reading fasta file: done in 0.000419568 secs using 48.38% CPU
Alignment most likely contains protein sequences
Alignment has 24 sequences with 654 columns, 38 distinct patterns
4 parsimony-informative, 2 singleton sites, 648 constant sites
                                          Gap/Ambiguity  Composition  p-value
Analyzing sequences: done in 6.77e-05 secs using 1549% CPU
   1  Vibrio_phage_vB_VpP_HA1                     2.29%    passed    100.00%
   2  Vibrio_phage_TCU_VP01_ZB                    2.29%    passed    100.00%
   3  Vibrio_phage_vB_VpaP_MGD1                   2.29%    passed    100.00%
   4  Vibrio_phage_vB_VpaP_AL-1                   2.29%    passed    100.00%
   5  Vibrio_phage_H256D1                         2.29%    passed    100.00%
   6  Vibrio_phage_F23s2                          2.29%    passed    100.00%
   7  Vibrio_phage_vB_VpP_AC2                     2.29%    passed    100.00%
   8  Vibrio_phage_vB_VpaP_KF2                    2.29%    passed    100.00%
   9  Vibrio_phage_vB_VpP_DE17                    2.29%    passed    100.00%
  10  Vibrio_phage_vB_Vc_SrVc9_genome_assembly    2.29%    passed    100.00%
  11  Vibrio_phage_vB_VpP_NS8                     2.29%    passed    100.00%
  12  Vibrio_phage_vB_VpP_HA5                     2.29%    passed    100.00%
  13  Vibrio_phage_vB_VpaP_KF1                    2.29%    passed    100.00%
  14  Vibrio_phage_OY1                            2.29%    passed    100.00%
  15  Vibrio_phage_SSJ01                          2.29%    passed    100.00%
  16  Vibrio_phage_vB_Vc_SrVc2                    2.29%    passed    100.00%
  17  Vibrio_phage_vB_VpP_3                       2.29%    passed    100.00%
  18  Vibrio_phage_vB_VpaP_1701                   2.29%    passed    100.00%
  19  Vibrio_phage_vB_VpP_HA7                     2.29%    passed    100.00%
  20  Vibrio_phage_VP17802                        0.00%    passed    100.00%
  21  Vibrio_phage_BUCT233                        2.29%    passed    100.00%
  22  Vibrio_phage_vB_VpP_DE10                    2.29%    passed    100.00%
  23  Vibrio_phage_VP93                           2.29%    passed    100.00%
  24  vB_VpP_AC2_0                                2.29%    passed    100.00%
****  TOTAL                                       2.20%  0 sequences failed composition chi2 test (p-value<5%; df=19)
NOTE: Vibrio_phage_vB_VpaP_MGD1 is identical to Vibrio_phage_vB_VpP_HA1 but kept for subsequent analysis
NOTE: vB_VpP_AC2_0 is identical to Vibrio_phage_vB_VpP_AC2 but kept for subsequent analysis
NOTE: Vibrio_phage_vB_VpaP_KF1 is identical to Vibrio_phage_vB_VpP_DE17 but kept for subsequent analysis
NOTE: Vibrio_phage_OY1 is identical to Vibrio_phage_vB_VpP_NS8 but kept for subsequent analysis
NOTE: 12 identical sequences (see below) will be ignored for subsequent analysis
NOTE: Vibrio_phage_vB_VpaP_AL-1 (identical to Vibrio_phage_vB_VpP_HA1) is ignored but added at the end
NOTE: Vibrio_phage_H256D1 (identical to Vibrio_phage_vB_VpP_HA1) is ignored but added at the end
NOTE: Vibrio_phage_F23s2 (identical to Vibrio_phage_vB_VpP_HA1) is ignored but added at the end
NOTE: Vibrio_phage_vB_VpaP_KF2 (identical to Vibrio_phage_vB_VpP_HA1) is ignored but added at the end
NOTE: Vibrio_phage_vB_Vc_SrVc9_genome_assembly (identical to Vibrio_phage_vB_VpP_HA1) is ignored but added at the end
NOTE: Vibrio_phage_vB_VpP_HA5 (identical to Vibrio_phage_vB_VpP_HA1) is ignored but added at the end
NOTE: Vibrio_phage_vB_Vc_SrVc2 (identical to Vibrio_phage_vB_VpP_HA1) is ignored but added at the end
NOTE: Vibrio_phage_vB_VpP_3 (identical to Vibrio_phage_vB_VpP_HA1) is ignored but added at the end
NOTE: Vibrio_phage_vB_VpP_HA7 (identical to Vibrio_phage_vB_VpP_HA1) is ignored but added at the end
NOTE: Vibrio_phage_vB_VpP_DE10 (identical to Vibrio_phage_vB_VpP_HA1) is ignored but added at the end
NOTE: Vibrio_phage_SSJ01 (identical to Vibrio_phage_vB_VpP_NS8) is ignored but added at the end
NOTE: Vibrio_phage_BUCT233 (identical to Vibrio_phage_vB_VpP_NS8) is ignored but added at the end
Alignment was printed to /public/home/pangrui/huangshixuan/study/phagesnake/output/vB_VpP_AC2_0/4.TerL_phylogenetic_tree/TerL_tree/TerL.aln.uniqueseq.phy

For your convenience alignment with unique sequences printed to /public/home/pangrui/huangshixuan/study/phagesnake/output/vB_VpP_AC2_0/4.TerL_phylogenetic_tree/TerL_tree/TerL.aln.uniqueseq.phy

WARNING: 20 threads for alignment length 38 will slow down analysis

Create initial parsimony tree by phylogenetic likelihood library (PLL)... 0.000 seconds
WARNING: Number of threads seems too high for short alignments. Use -T AUTO to determine best number of threads.
Perform fast likelihood tree search using LG+I+G model...
Estimate model parameters (epsilon = 5.000)
Perform nearest neighbor interchange...
Estimate model parameters (epsilon = 1.000)
1. Initial log-likelihood: -1969.685
Optimal log-likelihood: -1969.680
Proportion of invariable sites: 0.498
Gamma shape alpha: 0.020
Parameters optimization took 1 rounds (0.011 sec)
Time for fast ML tree search: 0.044 seconds

NOTE: ModelFinder requires 1 MB RAM!
ModelFinder will test up to 1232 protein models (sample size: 654 epsilon: 0.100) ...
 No. Model         -LnL         df  AIC          AICc         BIC
WARNING: 20 threads for alignment length 38 will slow down analysis
WARNING: Number of threads seems too high for short alignments. Use -T AUTO to determine best number of threads.
  1  LG            1973.649     21  3989.299     3990.761     4083.444
WARNING: 20 threads for alignment length 38 will slow down analysis
WARNING: Number of threads seems too high for short alignments. Use -T AUTO to determine best number of threads.
  2  LG+I          1967.551     22  3979.103     3980.707     4077.731
WARNING: 20 threads for alignment length 38 will slow down analysis
WARNING: Number of threads seems too high for short alignments. Use -T AUTO to determine best number of threads.
  3  LG+G4         1970.953     22  3985.905     3987.509     4084.533
WARNING: 20 threads for alignment length 38 will slow down analysis
WARNING: Number of threads seems too high for short alignments. Use -T AUTO to determine best number of threads.
  4  LG+I+G4       1969.675     23  3985.351     3987.103     4088.462
WARNING: 20 threads for alignment length 38 will slow down analysis
WARNING: Number of threads seems too high for short alignments. Use -T AUTO to determine best number of threads.
  5  LG+R2         1972.276     23  3990.553     3992.305     4093.664
WARNING: 20 threads for alignment length 38 will slow down analysis
WARNING: Number of threads seems too high for short alignments. Use -T AUTO to determine best number of threads.
  6  LG+R3         1971.739     25  3993.477     3995.548     4105.555
WARNING: 20 threads for alignment length 38 will slow down analysis
WARNING: Number of threads seems too high for short alignments. Use -T AUTO to determine best number of threads.
 14  LG+I+R2       1970.938     24  3989.876     3991.784     4097.470
WARNING: 20 threads for alignment length 38 will slow down analysis
WARNING: Number of threads seems too high for short alignments. Use -T AUTO to determine best number of threads.
 15  LG+I+R3       1970.176     26  3992.353     3994.592     4108.914
WARNING: 20 threads for alignment length 38 will slow down analysis
WARNING: Number of threads seems too high for short alignments. Use -T AUTO to determine best number of threads.
 23  LG+F          1954.289     40  3988.577     3993.928     4167.902
WARNING: 20 threads for alignment length 38 will slow down analysis
WARNING: Number of threads seems too high for short alignments. Use -T AUTO to determine best number of threads.
 24  LG+F+I        1948.299     41  3978.598     3984.225     4162.405
WARNING: 20 threads for alignment length 38 will slow down analysis
WARNING: Number of threads seems too high for short alignments. Use -T AUTO to determine best number of threads.
 25  LG+F+G4       1951.598     41  3985.195     3990.823     4169.003
WARNING: 20 threads for alignment length 38 will slow down analysis
WARNING: Number of threads seems too high for short alignments. Use -T AUTO to determine best number of threads.
 45  WAG           1975.255     21  3992.510     3993.972     4086.655
WARNING: 20 threads for alignment length 38 will slow down analysis
WARNING: Number of threads seems too high for short alignments. Use -T AUTO to determine best number of threads.
 46  WAG+I         1969.358     22  3982.716     3984.320     4081.344
WARNING: 20 threads for alignment length 38 will slow down analysis
WARNING: Number of threads seems too high for short alignments. Use -T AUTO to determine best number of threads.
 47  WAG+G4        1972.573     22  3989.146     3990.750     4087.774
WARNING: 20 threads for alignment length 38 will slow down analysis
WARNING: Number of threads seems too high for short alignments. Use -T AUTO to determine best number of threads.
 67  WAG+F         1952.709     40  3985.417     3990.768     4164.742
WARNING: 20 threads for alignment length 38 will slow down analysis
WARNING: Number of threads seems too high for short alignments. Use -T AUTO to determine best number of threads.
 68  WAG+F+I       1946.976     41  3975.952     3981.580     4159.760
WARNING: 20 threads for alignment length 38 will slow down analysis
WARNING: Number of threads seems too high for short alignments. Use -T AUTO to determine best number of threads.
 69  WAG+F+G4      1950.039     41  3982.077     3987.705     4165.884
WARNING: 20 threads for alignment length 38 will slow down analysis
WARNING: Number of threads seems too high for short alignments. Use -T AUTO to determine best number of threads.
 89  JTT           1969.491     21  3980.981     3982.443     4075.127
WARNING: 20 threads for alignment length 38 will slow down analysis
WARNING: Number of threads seems too high for short alignments. Use -T AUTO to determine best number of threads.
 90  JTT+I         1963.462     22  3970.923     3972.527     4069.552
WARNING: 20 threads for alignment length 38 will slow down analysis
WARNING: Number of threads seems too high for short alignments. Use -T AUTO to determine best number of threads.
 91  JTT+G4        1966.799     22  3977.599     3979.203     4076.227
WARNING: 20 threads for alignment length 38 will slow down analysis
WARNING: Number of threads seems too high for short alignments. Use -T AUTO to determine best number of threads.
111  JTT+F         1950.843     40  3981.687     3987.038     4161.011
WARNING: 20 threads for alignment length 38 will slow down analysis
WARNING: Number of threads seems too high for short alignments. Use -T AUTO to determine best number of threads.
112  JTT+F+I       1944.969     41  3971.938     3977.566     4155.746
WARNING: 20 threads for alignment length 38 will slow down analysis
WARNING: Number of threads seems too high for short alignments. Use -T AUTO to determine best number of threads.
113  JTT+F+G4      1948.163     41  3978.326     3983.954     4162.134
WARNING: 20 threads for alignment length 38 will slow down analysis
WARNING: Normalizing state frequencies so that sum of them equals to 1
WARNING: Number of threads seems too high for short alignments. Use -T AUTO to determine best number of threads.
133  Q.pfam        1972.146     21  3986.293     3987.755     4080.438
WARNING: 20 threads for alignment length 38 will slow down analysis
WARNING: Normalizing state frequencies so that sum of them equals to 1
WARNING: Number of threads seems too high for short alignments. Use -T AUTO to determine best number of threads.
134  Q.pfam+I      1966.146     22  3976.291     3977.895     4074.919
WARNING: 20 threads for alignment length 38 will slow down analysis
WARNING: Normalizing state frequencies so that sum of them equals to 1
WARNING: Number of threads seems too high for short alignments. Use -T AUTO to determine best number of threads.
135  Q.pfam+G4     1969.456     22  3982.912     3984.516     4081.540
WARNING: 20 threads for alignment length 38 will slow down analysis
WARNING: Normalizing state frequencies so that sum of them equals to 1
WARNING: Number of threads seems too high for short alignments. Use -T AUTO to determine best number of threads.
155  Q.pfam+F      1954.275     40  3988.549     3993.900     4167.873
WARNING: 20 threads for alignment length 38 will slow down analysis
WARNING: Normalizing state frequencies so that sum of them equals to 1
WARNING: Number of threads seems too high for short alignments. Use -T AUTO to determine best number of threads.
156  Q.pfam+F+I    1948.367     41  3978.733     3984.361     4162.541
WARNING: 20 threads for alignment length 38 will slow down analysis
WARNING: Normalizing state frequencies so that sum of them equals to 1
WARNING: Number of threads seems too high for short alignments. Use -T AUTO to determine best number of threads.
157  Q.pfam+F+G4   1951.590     41  3985.180     3990.807     4168.987
WARNING: 20 threads for alignment length 38 will slow down analysis
WARNING: Normalizing state frequencies so that sum of them equals to 1
WARNING: Number of threads seems too high for short alignments. Use -T AUTO to determine best number of threads.
177  Q.bird        1980.423     21  4002.846     4004.308     4096.991
WARNING: 20 threads for alignment length 38 will slow down analysis
WARNING: Normalizing state frequencies so that sum of them equals to 1
WARNING: Number of threads seems too high for short alignments. Use -T AUTO to determine best number of threads.
178  Q.bird+I      1974.362     22  3992.725     3994.329     4091.353
WARNING: 20 threads for alignment length 38 will slow down analysis
WARNING: Normalizing state frequencies so that sum of them equals to 1
WARNING: Number of threads seems too high for short alignments. Use -T AUTO to determine best number of threads.
179  Q.bird+G4     1977.727     22  3999.454     4001.057     4098.082
WARNING: 20 threads for alignment length 38 will slow down analysis
WARNING: Normalizing state frequencies so that sum of them equals to 1
WARNING: Number of threads seems too high for short alignments. Use -T AUTO to determine best number of threads.
199  Q.bird+F      1950.488     40  3980.975     3986.326     4160.299
WARNING: 20 threads for alignment length 38 will slow down analysis
WARNING: Normalizing state frequencies so that sum of them equals to 1
WARNING: Number of threads seems too high for short alignments. Use -T AUTO to determine best number of threads.
200  Q.bird+F+I    1944.610     41  3971.219     3976.847     4155.027
WARNING: 20 threads for alignment length 38 will slow down analysis
WARNING: Normalizing state frequencies so that sum of them equals to 1
WARNING: Number of threads seems too high for short alignments. Use -T AUTO to determine best number of threads.
201  Q.bird+F+G4   1947.802     41  3977.603     3983.231     4161.411
WARNING: 20 threads for alignment length 38 will slow down analysis
WARNING: Normalizing state frequencies so that sum of them equals to 1
WARNING: Number of threads seems too high for short alignments. Use -T AUTO to determine best number of threads.
221  Q.mammal      1983.075     21  4008.150     4009.612     4102.295
WARNING: 20 threads for alignment length 38 will slow down analysis
WARNING: Normalizing state frequencies so that sum of them equals to 1
WARNING: Number of threads seems too high for short alignments. Use -T AUTO to determine best number of threads.
222  Q.mammal+I    1977.063     22  3998.125     3999.729     4096.754
WARNING: 20 threads for alignment length 38 will slow down analysis
WARNING: Normalizing state frequencies so that sum of them equals to 1
WARNING: Number of threads seems too high for short alignments. Use -T AUTO to determine best number of threads.
223  Q.mammal+G4   1980.383     22  4004.767     4006.371     4103.395
WARNING: 20 threads for alignment length 38 will slow down analysis
WARNING: Normalizing state frequencies so that sum of them equals to 1
WARNING: Number of threads seems too high for short alignments. Use -T AUTO to determine best number of threads.
243  Q.mammal+F    1950.334     40  3980.668     3986.018     4159.992
WARNING: 20 threads for alignment length 38 will slow down analysis
WARNING: Normalizing state frequencies so that sum of them equals to 1
WARNING: Number of threads seems too high for short alignments. Use -T AUTO to determine best number of threads.
244  Q.mammal+F+I  1944.545     41  3971.091     3976.718     4154.898
WARNING: 20 threads for alignment length 38 will slow down analysis
WARNING: Normalizing state frequencies so that sum of them equals to 1
WARNING: Number of threads seems too high for short alignments. Use -T AUTO to determine best number of threads.
245  Q.mammal+F+G4 1947.657     41  3977.314     3982.941     4161.121
WARNING: 20 threads for alignment length 38 will slow down analysis
WARNING: Number of threads seems too high for short alignments. Use -T AUTO to determine best number of threads.
265  Q.insect      1993.197     21  4028.394     4029.856     4122.539
WARNING: 20 threads for alignment length 38 will slow down analysis
WARNING: Number of threads seems too high for short alignments. Use -T AUTO to determine best number of threads.
266  Q.insect+I    1986.976     22  4017.952     4019.556     4116.580
WARNING: 20 threads for alignment length 38 will slow down analysis
WARNING: Number of threads seems too high for short alignments. Use -T AUTO to determine best number of threads.
267  Q.insect+G4   1990.493     22  4024.986     4026.590     4123.615
WARNING: 20 threads for alignment length 38 will slow down analysis
WARNING: Number of threads seems too high for short alignments. Use -T AUTO to determine best number of threads.
287  Q.insect+F    1952.811     40  3985.622     3990.973     4164.947
WARNING: 20 threads for alignment length 38 will slow down analysis
WARNING: Number of threads seems too high for short alignments. Use -T AUTO to determine best number of threads.
288  Q.insect+F+I  1946.785     41  3975.570     3981.198     4159.378
WARNING: 20 threads for alignment length 38 will slow down analysis
WARNING: Number of threads seems too high for short alignments. Use -T AUTO to determine best number of threads.
289  Q.insect+F+G4 1950.120     41  3982.239     3987.867     4166.047
WARNING: 20 threads for alignment length 38 will slow down analysis
WARNING: Normalizing state frequencies so that sum of them equals to 1
WARNING: Number of threads seems too high for short alignments. Use -T AUTO to determine best number of threads.
309  Q.plant       1978.260     21  3998.520     3999.982     4092.665
WARNING: 20 threads for alignment length 38 will slow down analysis
WARNING: Normalizing state frequencies so that sum of them equals to 1
WARNING: Number of threads seems too high for short alignments. Use -T AUTO to determine best number of threads.
310  Q.plant+I     1972.084     22  3988.168     3989.772     4086.796
WARNING: 20 threads for alignment length 38 will slow down analysis
WARNING: Normalizing state frequencies so that sum of them equals to 1
WARNING: Number of threads seems too high for short alignments. Use -T AUTO to determine best number of threads.
311  Q.plant+G4    1975.558     22  3995.115     3996.719     4093.744
WARNING: 20 threads for alignment length 38 will slow down analysis
WARNING: Normalizing state frequencies so that sum of them equals to 1
WARNING: Number of threads seems too high for short alignments. Use -T AUTO to determine best number of threads.
331  Q.plant+F     1951.715     40  3983.430     3988.780     4162.754
WARNING: 20 threads for alignment length 38 will slow down analysis
WARNING: Normalizing state frequencies so that sum of them equals to 1
WARNING: Number of threads seems too high for short alignments. Use -T AUTO to determine best number of threads.
332  Q.plant+F+I   1945.721     41  3973.441     3979.069     4157.249
WARNING: 20 threads for alignment length 38 will slow down analysis
WARNING: Normalizing state frequencies so that sum of them equals to 1
WARNING: Number of threads seems too high for short alignments. Use -T AUTO to determine best number of threads.
333  Q.plant+F+G4  1949.024     41  3980.049     3985.676     4163.856
WARNING: 20 threads for alignment length 38 will slow down analysis
WARNING: Normalizing state frequencies so that sum of them equals to 1
WARNING: Number of threads seems too high for short alignments. Use -T AUTO to determine best number of threads.
353  Q.yeast       2003.867     21  4049.735     4051.197     4143.880
WARNING: 20 threads for alignment length 38 will slow down analysis
WARNING: Normalizing state frequencies so that sum of them equals to 1
WARNING: Number of threads seems too high for short alignments. Use -T AUTO to determine best number of threads.
354  Q.yeast+I     1997.503     22  4039.005     4040.609     4137.634
WARNING: 20 threads for alignment length 38 will slow down analysis
WARNING: Normalizing state frequencies so that sum of them equals to 1
WARNING: Number of threads seems too high for short alignments. Use -T AUTO to determine best number of threads.
355  Q.yeast+G4    2001.153     22  4046.306     4047.910     4144.935
WARNING: 20 threads for alignment length 38 will slow down analysis
WARNING: Normalizing state frequencies so that sum of them equals to 1
WARNING: Number of threads seems too high for short alignments. Use -T AUTO to determine best number of threads.
375  Q.yeast+F     1953.664     40  3987.327     3992.678     4166.652
WARNING: 20 threads for alignment length 38 will slow down analysis
WARNING: Normalizing state frequencies so that sum of them equals to 1
WARNING: Number of threads seems too high for short alignments. Use -T AUTO to determine best number of threads.
376  Q.yeast+F+I   1947.513     41  3977.027     3982.654     4160.834
WARNING: 20 threads for alignment length 38 will slow down analysis
WARNING: Normalizing state frequencies so that sum of them equals to 1
WARNING: Number of threads seems too high for short alignments. Use -T AUTO to determine best number of threads.
377  Q.yeast+F+G4  1950.962     41  3983.923     3989.551     4167.731
WARNING: 20 threads for alignment length 38 will slow down analysis
WARNING: Number of threads seems too high for short alignments. Use -T AUTO to determine best number of threads.
397  JTTDCMut      1970.111     21  3982.222     3983.684     4076.367
WARNING: 20 threads for alignment length 38 will slow down analysis
WARNING: Number of threads seems too high for short alignments. Use -T AUTO to determine best number of threads.
398  JTTDCMut+I    1964.068     22  3972.136     3973.740     4070.765
WARNING: 20 threads for alignment length 38 will slow down analysis
WARNING: Number of threads seems too high for short alignments. Use -T AUTO to determine best number of threads.
399  JTTDCMut+G4   1967.419     22  3978.837     3980.441     4077.466
WARNING: 20 threads for alignment length 38 will slow down analysis
WARNING: Number of threads seems too high for short alignments. Use -T AUTO to determine best number of threads.
419  JTTDCMut+F    1950.799     40  3981.598     3986.949     4160.923
WARNING: 20 threads for alignment length 38 will slow down analysis
WARNING: Number of threads seems too high for short alignments. Use -T AUTO to determine best number of threads.
420  JTTDCMut+F+I  1944.922     41  3971.844     3977.472     4155.652
WARNING: 20 threads for alignment length 38 will slow down analysis
WARNING: Number of threads seems too high for short alignments. Use -T AUTO to determine best number of threads.
421  JTTDCMut+F+G4 1948.119     41  3978.237     3983.865     4162.044
WARNING: 20 threads for alignment length 38 will slow down analysis
WARNING: Number of threads seems too high for short alignments. Use -T AUTO to determine best number of threads.
441  DCMut         1996.176     21  4034.353     4035.815     4128.498
WARNING: 20 threads for alignment length 38 will slow down analysis
WARNING: Number of threads seems too high for short alignments. Use -T AUTO to determine best number of threads.
442  DCMut+I       1990.000     22  4024.001     4025.604     4122.629
WARNING: 20 threads for alignment length 38 will slow down analysis
WARNING: Number of threads seems too high for short alignments. Use -T AUTO to determine best number of threads.
443  DCMut+G4      1993.471     22  4030.942     4032.546     4129.571
WARNING: 20 threads for alignment length 38 will slow down analysis
WARNING: Number of threads seems too high for short alignments. Use -T AUTO to determine best number of threads.
463  DCMut+F       1952.075     40  3984.149     3989.500     4163.474
WARNING: 20 threads for alignment length 38 will slow down analysis
WARNING: Number of threads seems too high for short alignments. Use -T AUTO to determine best number of threads.
464  DCMut+F+I     1946.136     41  3974.273     3979.900     4158.080
WARNING: 20 threads for alignment length 38 will slow down analysis
WARNING: Number of threads seems too high for short alignments. Use -T AUTO to determine best number of threads.
465  DCMut+F+G4    1949.386     41  3980.772     3986.399     4164.579
WARNING: 20 threads for alignment length 38 will slow down analysis
WARNING: Number of threads seems too high for short alignments. Use -T AUTO to determine best number of threads.
485  VT            1973.494     21  3988.988     3990.450     4083.134
WARNING: 20 threads for alignment length 38 will slow down analysis
WARNING: Number of threads seems too high for short alignments. Use -T AUTO to determine best number of threads.
486  VT+I          1967.485     22  3978.971     3980.574     4077.599
WARNING: 20 threads for alignment length 38 will slow down analysis
WARNING: Number of threads seems too high for short alignments. Use -T AUTO to determine best number of threads.
487  VT+G4         1970.806     22  3985.611     3987.215     4084.240
WARNING: 20 threads for alignment length 38 will slow down analysis
WARNING: Number of threads seems too high for short alignments. Use -T AUTO to determine best number of threads.
507  VT+F          1953.346     40  3986.691     3992.042     4166.015
WARNING: 20 threads for alignment length 38 will slow down analysis
WARNING: Number of threads seems too high for short alignments. Use -T AUTO to determine best number of threads.
508  VT+F+I        1947.456     41  3976.913     3982.540     4160.720
WARNING: 20 threads for alignment length 38 will slow down analysis
WARNING: Number of threads seems too high for short alignments. Use -T AUTO to determine best number of threads.
509  VT+F+G4       1950.665     41  3983.330     3988.958     4167.138
WARNING: 20 threads for alignment length 38 will slow down analysis
WARNING: Number of threads seems too high for short alignments. Use -T AUTO to determine best number of threads.
529  PMB           1977.158     21  3996.317     3997.779     4090.462
WARNING: 20 threads for alignment length 38 will slow down analysis
WARNING: Number of threads seems too high for short alignments. Use -T AUTO to determine best number of threads.
530  PMB+I         1971.284     22  3986.568     3988.172     4085.196
WARNING: 20 threads for alignment length 38 will slow down analysis
WARNING: Number of threads seems too high for short alignments. Use -T AUTO to determine best number of threads.
531  PMB+G4        1974.479     22  3992.958     3994.562     4091.587
WARNING: 20 threads for alignment length 38 will slow down analysis
WARNING: Number of threads seems too high for short alignments. Use -T AUTO to determine best number of threads.
551  PMB+F         1954.035     40  3988.070     3993.421     4167.394
WARNING: 20 threads for alignment length 38 will slow down analysis
WARNING: Number of threads seems too high for short alignments. Use -T AUTO to determine best number of threads.
552  PMB+F+I       1948.258     41  3978.516     3984.144     4162.324
WARNING: 20 threads for alignment length 38 will slow down analysis
WARNING: Number of threads seems too high for short alignments. Use -T AUTO to determine best number of threads.
553  PMB+F+G4      1951.363     41  3984.725     3990.353     4168.533
WARNING: 20 threads for alignment length 38 will slow down analysis
WARNING: Number of threads seems too high for short alignments. Use -T AUTO to determine best number of threads.
573  Blosum62      1974.766     21  3991.532     3992.994     4085.677
WARNING: 20 threads for alignment length 38 will slow down analysis
WARNING: Number of threads seems too high for short alignments. Use -T AUTO to determine best number of threads.
574  Blosum62+I    1968.963     22  3981.926     3983.530     4080.555
WARNING: 20 threads for alignment length 38 will slow down analysis
WARNING: Number of threads seems too high for short alignments. Use -T AUTO to determine best number of threads.
575  Blosum62+G4   1972.092     22  3988.183     3989.787     4086.812
WARNING: 20 threads for alignment length 38 will slow down analysis
WARNING: Number of threads seems too high for short alignments. Use -T AUTO to determine best number of threads.
595  Blosum62+F    1954.173     40  3988.345     3993.696     4167.670
WARNING: 20 threads for alignment length 38 will slow down analysis
WARNING: Number of threads seems too high for short alignments. Use -T AUTO to determine best number of threads.
596  Blosum62+F+I  1948.447     41  3978.894     3984.521     4162.701
WARNING: 20 threads for alignment length 38 will slow down analysis
WARNING: Number of threads seems too high for short alignments. Use -T AUTO to determine best number of threads.
597  Blosum62+F+G4 1951.504     41  3985.007     3990.635     4168.815
WARNING: 20 threads for alignment length 38 will slow down analysis
WARNING: Number of threads seems too high for short alignments. Use -T AUTO to determine best number of threads.
617  Dayhoff       1996.195     21  4034.391     4035.853     4128.536
WARNING: 20 threads for alignment length 38 will slow down analysis
WARNING: Number of threads seems too high for short alignments. Use -T AUTO to determine best number of threads.
618  Dayhoff+I     1990.013     22  4024.025     4025.629     4122.654
WARNING: 20 threads for alignment length 38 will slow down analysis
WARNING: Number of threads seems too high for short alignments. Use -T AUTO to determine best number of threads.
619  Dayhoff+G4    1993.490     22  4030.980     4032.583     4129.608
WARNING: 20 threads for alignment length 38 will slow down analysis
WARNING: Number of threads seems too high for short alignments. Use -T AUTO to determine best number of threads.
639  Dayhoff+F     1952.095     40  3984.190     3989.541     4163.514
WARNING: 20 threads for alignment length 38 will slow down analysis
WARNING: Number of threads seems too high for short alignments. Use -T AUTO to determine best number of threads.
640  Dayhoff+F+I   1946.151     41  3974.301     3979.929     4158.109
WARNING: 20 threads for alignment length 38 will slow down analysis
WARNING: Number of threads seems too high for short alignments. Use -T AUTO to determine best number of threads.
641  Dayhoff+F+G4  1949.406     41  3980.812     3986.439     4164.619
WARNING: 20 threads for alignment length 38 will slow down analysis
WARNING: Number of threads seems too high for short alignments. Use -T AUTO to determine best number of threads.
661  mtREV         2080.211     21  4202.422     4203.884     4296.568
WARNING: 20 threads for alignment length 38 will slow down analysis
WARNING: Number of threads seems too high for short alignments. Use -T AUTO to determine best number of threads.
662  mtREV+I       2074.496     22  4192.991     4194.595     4291.620
WARNING: 20 threads for alignment length 38 will slow down analysis
WARNING: Number of threads seems too high for short alignments. Use -T AUTO to determine best number of threads.
663  mtREV+G4      2077.527     22  4199.054     4200.657     4297.682
WARNING: 20 threads for alignment length 38 will slow down analysis
WARNING: Number of threads seems too high for short alignments. Use -T AUTO to determine best number of threads.
683  mtREV+F       1951.818     40  3983.636     3988.987     4162.960
WARNING: 20 threads for alignment length 38 will slow down analysis
WARNING: Number of threads seems too high for short alignments. Use -T AUTO to determine best number of threads.
684  mtREV+F+I     1946.085     41  3974.171     3979.798     4157.978
WARNING: 20 threads for alignment length 38 will slow down analysis
WARNING: Number of threads seems too high for short alignments. Use -T AUTO to determine best number of threads.
685  mtREV+F+G4    1949.139     41  3980.278     3985.905     4164.085
WARNING: 20 threads for alignment length 38 will slow down analysis
WARNING: Number of threads seems too high for short alignments. Use -T AUTO to determine best number of threads.
705  mtART         2099.420     21  4240.840     4242.302     4334.985
WARNING: 20 threads for alignment length 38 will slow down analysis
WARNING: Number of threads seems too high for short alignments. Use -T AUTO to determine best number of threads.
706  mtART+I       2093.097     22  4230.193     4231.797     4328.822
WARNING: 20 threads for alignment length 38 will slow down analysis
WARNING: Number of threads seems too high for short alignments. Use -T AUTO to determine best number of threads.
707  mtART+G4      2096.673     22  4237.346     4238.950     4335.975
WARNING: 20 threads for alignment length 38 will slow down analysis
WARNING: Number of threads seems too high for short alignments. Use -T AUTO to determine best number of threads.
727  mtART+F       1954.711     40  3989.421     3994.772     4168.745
WARNING: 20 threads for alignment length 38 will slow down analysis
WARNING: Number of threads seems too high for short alignments. Use -T AUTO to determine best number of threads.
728  mtART+F+I     1948.627     41  3979.253     3984.881     4163.061
WARNING: 20 threads for alignment length 38 will slow down analysis
WARNING: Number of threads seems too high for short alignments. Use -T AUTO to determine best number of threads.
729  mtART+F+G4    1951.987     41  3985.973     3991.601     4169.780
WARNING: 20 threads for alignment length 38 will slow down analysis
WARNING: Number of threads seems too high for short alignments. Use -T AUTO to determine best number of threads.
749  mtZOA         2078.079     21  4198.158     4199.620     4292.303
WARNING: 20 threads for alignment length 38 will slow down analysis
WARNING: Number of threads seems too high for short alignments. Use -T AUTO to determine best number of threads.
750  mtZOA+I       2071.798     22  4187.596     4189.200     4286.224
WARNING: 20 threads for alignment length 38 will slow down analysis
WARNING: Number of threads seems too high for short alignments. Use -T AUTO to determine best number of threads.
751  mtZOA+G4      2075.340     22  4194.680     4196.284     4293.308
WARNING: 20 threads for alignment length 38 will slow down analysis
WARNING: Number of threads seems too high for short alignments. Use -T AUTO to determine best number of threads.
771  mtZOA+F       1953.776     40  3987.551     3992.902     4166.875
WARNING: 20 threads for alignment length 38 will slow down analysis
WARNING: Number of threads seems too high for short alignments. Use -T AUTO to determine best number of threads.
772  mtZOA+F+I     1947.643     41  3977.285     3982.913     4161.093
WARNING: 20 threads for alignment length 38 will slow down analysis
WARNING: Number of threads seems too high for short alignments. Use -T AUTO to determine best number of threads.
773  mtZOA+F+G4    1951.056     41  3984.112     3989.739     4167.919
WARNING: 20 threads for alignment length 38 will slow down analysis
WARNING: Number of threads seems too high for short alignments. Use -T AUTO to determine best number of threads.
793  mtMet         2125.824     21  4293.649     4295.111     4387.794
WARNING: 20 threads for alignment length 38 will slow down analysis
WARNING: Number of threads seems too high for short alignments. Use -T AUTO to determine best number of threads.
794  mtMet+I       2119.708     22  4283.416     4285.020     4382.044
WARNING: 20 threads for alignment length 38 will slow down analysis
WARNING: Number of threads seems too high for short alignments. Use -T AUTO to determine best number of threads.
795  mtMet+G4      2123.110     22  4290.219     4291.823     4388.848
WARNING: 20 threads for alignment length 38 will slow down analysis
WARNING: Number of threads seems too high for short alignments. Use -T AUTO to determine best number of threads.
815  mtMet+F       1952.596     40  3985.192     3990.543     4164.517
WARNING: 20 threads for alignment length 38 will slow down analysis
WARNING: Number of threads seems too high for short alignments. Use -T AUTO to determine best number of threads.
816  mtMet+F+I     1946.457     41  3974.914     3980.542     4158.722
WARNING: 20 threads for alignment length 38 will slow down analysis
WARNING: Number of threads seems too high for short alignments. Use -T AUTO to determine best number of threads.
817  mtMet+F+G4    1949.886     41  3981.772     3987.400     4165.580
WARNING: 20 threads for alignment length 38 will slow down analysis
WARNING: Number of threads seems too high for short alignments. Use -T AUTO to determine best number of threads.
837  mtVer         2108.045     21  4258.090     4259.552     4352.235
WARNING: 20 threads for alignment length 38 will slow down analysis
WARNING: Number of threads seems too high for short alignments. Use -T AUTO to determine best number of threads.
838  mtVer+I       2101.676     22  4247.353     4248.957     4345.981
WARNING: 20 threads for alignment length 38 will slow down analysis
WARNING: Number of threads seems too high for short alignments. Use -T AUTO to determine best number of threads.
839  mtVer+G4      2105.294     22  4254.589     4256.192     4353.217
WARNING: 20 threads for alignment length 38 will slow down analysis
WARNING: Number of threads seems too high for short alignments. Use -T AUTO to determine best number of threads.
859  mtVer+F       1953.360     40  3986.720     3992.071     4166.044
WARNING: 20 threads for alignment length 38 will slow down analysis
WARNING: Number of threads seems too high for short alignments. Use -T AUTO to determine best number of threads.
860  mtVer+F+I     1946.977     41  3975.954     3981.582     4159.762
WARNING: 20 threads for alignment length 38 will slow down analysis
WARNING: Number of threads seems too high for short alignments. Use -T AUTO to determine best number of threads.
861  mtVer+F+G4    1950.630     41  3983.260     3988.888     4167.068
WARNING: 20 threads for alignment length 38 will slow down analysis
WARNING: Number of threads seems too high for short alignments. Use -T AUTO to determine best number of threads.
881  mtInv         2170.099     21  4382.199     4383.661     4476.344
WARNING: 20 threads for alignment length 38 will slow down analysis
WARNING: Number of threads seems too high for short alignments. Use -T AUTO to determine best number of threads.
882  mtInv+I       2164.032     22  4372.064     4373.668     4470.692
WARNING: 20 threads for alignment length 38 will slow down analysis
WARNING: Number of threads seems too high for short alignments. Use -T AUTO to determine best number of threads.
883  mtInv+G4      2167.395     22  4378.790     4380.394     4477.419
WARNING: 20 threads for alignment length 38 will slow down analysis
WARNING: Number of threads seems too high for short alignments. Use -T AUTO to determine best number of threads.
903  mtInv+F       1952.443     40  3984.886     3990.237     4164.210
WARNING: 20 threads for alignment length 38 will slow down analysis
WARNING: Number of threads seems too high for short alignments. Use -T AUTO to determine best number of threads.
904  mtInv+F+I     1946.527     41  3975.053     3980.681     4158.861
WARNING: 20 threads for alignment length 38 will slow down analysis
WARNING: Number of threads seems too high for short alignments. Use -T AUTO to determine best number of threads.
905  mtInv+F+G4    1949.754     41  3981.508     3987.135     4165.315
WARNING: 20 threads for alignment length 38 will slow down analysis
WARNING: Number of threads seems too high for short alignments. Use -T AUTO to determine best number of threads.
925  mtMAM         2089.780     21  4221.559     4223.022     4315.705
WARNING: 20 threads for alignment length 38 will slow down analysis
WARNING: Number of threads seems too high for short alignments. Use -T AUTO to determine best number of threads.
926  mtMAM+I       2080.627     22  4205.253     4206.857     4303.882
WARNING: 20 threads for alignment length 38 will slow down analysis
WARNING: Number of threads seems too high for short alignments. Use -T AUTO to determine best number of threads.
927  mtMAM+G4      2085.688     22  4215.375     4216.979     4314.004
WARNING: 20 threads for alignment length 38 will slow down analysis
WARNING: Number of threads seems too high for short alignments. Use -T AUTO to determine best number of threads.
947  mtMAM+F       1956.592     40  3993.183     3998.534     4172.508
WARNING: 20 threads for alignment length 38 will slow down analysis
WARNING: Number of threads seems too high for short alignments. Use -T AUTO to determine best number of threads.
948  mtMAM+F+I     1947.358     41  3976.716     3982.343     4160.523
WARNING: 20 threads for alignment length 38 will slow down analysis
WARNING: Number of threads seems too high for short alignments. Use -T AUTO to determine best number of threads.
949  mtMAM+F+G4    1952.513     41  3987.026     3992.654     4170.834
WARNING: 20 threads for alignment length 38 will slow down analysis
WARNING: Normalizing state frequencies so that sum of them equals to 1
WARNING: Number of threads seems too high for short alignments. Use -T AUTO to determine best number of threads.
969  FLAVI         1976.780     21  3995.560     3997.022     4089.705
WARNING: 20 threads for alignment length 38 will slow down analysis
WARNING: Normalizing state frequencies so that sum of them equals to 1
WARNING: Number of threads seems too high for short alignments. Use -T AUTO to determine best number of threads.
970  FLAVI+I       1970.875     22  3985.749     3987.353     4084.377
WARNING: 20 threads for alignment length 38 will slow down analysis
WARNING: Normalizing state frequencies so that sum of them equals to 1
WARNING: Number of threads seems too high for short alignments. Use -T AUTO to determine best number of threads.
971  FLAVI+G4      1974.089     22  3992.178     3993.782     4090.806
WARNING: 20 threads for alignment length 38 will slow down analysis
WARNING: Normalizing state frequencies so that sum of them equals to 1
WARNING: Number of threads seems too high for short alignments. Use -T AUTO to determine best number of threads.
991  FLAVI+F       1950.132     40  3980.263     3985.614     4159.588
WARNING: 20 threads for alignment length 38 will slow down analysis
WARNING: Normalizing state frequencies so that sum of them equals to 1
WARNING: Number of threads seems too high for short alignments. Use -T AUTO to determine best number of threads.
992  FLAVI+F+I     1944.324     41  3970.649     3976.276     4154.456
WARNING: 20 threads for alignment length 38 will slow down analysis
WARNING: Normalizing state frequencies so that sum of them equals to 1
WARNING: Number of threads seems too high for short alignments. Use -T AUTO to determine best number of threads.
993  FLAVI+F+G4    1947.450     41  3976.900     3982.527     4160.707
WARNING: 20 threads for alignment length 38 will slow down analysis
WARNING: Number of threads seems too high for short alignments. Use -T AUTO to determine best number of threads.
1013  HIVb          1978.465     21  3998.931     4000.393     4093.076
WARNING: 20 threads for alignment length 38 will slow down analysis
WARNING: Number of threads seems too high for short alignments. Use -T AUTO to determine best number of threads.
1014  HIVb+I        1972.395     22  3988.791     3990.394     4087.419
WARNING: 20 threads for alignment length 38 will slow down analysis
WARNING: Number of threads seems too high for short alignments. Use -T AUTO to determine best number of threads.
1015  HIVb+G4       1975.768     22  3995.537     3997.141     4094.165
WARNING: 20 threads for alignment length 38 will slow down analysis
WARNING: Number of threads seems too high for short alignments. Use -T AUTO to determine best number of threads.
1035  HIVb+F        1950.650     40  3981.300     3986.651     4160.625
WARNING: 20 threads for alignment length 38 will slow down analysis
WARNING: Number of threads seems too high for short alignments. Use -T AUTO to determine best number of threads.
1036  HIVb+F+I      1944.567     41  3971.133     3976.761     4154.941
WARNING: 20 threads for alignment length 38 will slow down analysis
WARNING: Number of threads seems too high for short alignments. Use -T AUTO to determine best number of threads.
1037  HIVb+F+G4     1947.951     41  3977.902     3983.529     4161.709
WARNING: 20 threads for alignment length 38 will slow down analysis
WARNING: Number of threads seems too high for short alignments. Use -T AUTO to determine best number of threads.
1057  HIVw          2027.337     21  4096.673     4098.135     4190.818
WARNING: 20 threads for alignment length 38 will slow down analysis
WARNING: Number of threads seems too high for short alignments. Use -T AUTO to determine best number of threads.
1058  HIVw+I        2021.407     22  4086.813     4088.417     4185.441
WARNING: 20 threads for alignment length 38 will slow down analysis
WARNING: Number of threads seems too high for short alignments. Use -T AUTO to determine best number of threads.
1059  HIVw+G4       2024.649     22  4093.298     4094.902     4191.927
WARNING: 20 threads for alignment length 38 will slow down analysis
WARNING: Number of threads seems too high for short alignments. Use -T AUTO to determine best number of threads.
1079  HIVw+F        1951.331     40  3982.661     3988.012     4161.985
WARNING: 20 threads for alignment length 38 will slow down analysis
WARNING: Number of threads seems too high for short alignments. Use -T AUTO to determine best number of threads.
1080  HIVw+F+I      1945.490     41  3972.980     3978.608     4156.788
WARNING: 20 threads for alignment length 38 will slow down analysis
WARNING: Number of threads seems too high for short alignments. Use -T AUTO to determine best number of threads.
1081  HIVw+F+G4     1948.651     41  3979.302     3984.929     4163.109
WARNING: 20 threads for alignment length 38 will slow down analysis
WARNING: Number of threads seems too high for short alignments. Use -T AUTO to determine best number of threads.
1101  FLU           1998.753     21  4039.506     4040.968     4133.651
WARNING: 20 threads for alignment length 38 will slow down analysis
WARNING: Number of threads seems too high for short alignments. Use -T AUTO to determine best number of threads.
1102  FLU+I         1993.184     22  4030.369     4031.973     4128.997
WARNING: 20 threads for alignment length 38 will slow down analysis
WARNING: Number of threads seems too high for short alignments. Use -T AUTO to determine best number of threads.
1103  FLU+G4        1996.093     22  4036.186     4037.790     4134.814
WARNING: 20 threads for alignment length 38 will slow down analysis
WARNING: Number of threads seems too high for short alignments. Use -T AUTO to determine best number of threads.
1123  FLU+F         1949.618     40  3979.236     3984.587     4158.560
WARNING: 20 threads for alignment length 38 will slow down analysis
WARNING: Number of threads seems too high for short alignments. Use -T AUTO to determine best number of threads.
1124  FLU+F+I       1944.238     41  3970.476     3976.104     4154.284
WARNING: 20 threads for alignment length 38 will slow down analysis
WARNING: Number of threads seems too high for short alignments. Use -T AUTO to determine best number of threads.
1125  FLU+F+G4      1946.973     41  3975.946     3981.573     4159.753
WARNING: 20 threads for alignment length 38 will slow down analysis
WARNING: Number of threads seems too high for short alignments. Use -T AUTO to determine best number of threads.
1145  rtREV         1993.847     21  4029.694     4031.156     4123.839
WARNING: 20 threads for alignment length 38 will slow down analysis
WARNING: Number of threads seems too high for short alignments. Use -T AUTO to determine best number of threads.
1146  rtREV+I       1987.626     22  4019.251     4020.855     4117.879
WARNING: 20 threads for alignment length 38 will slow down analysis
WARNING: Number of threads seems too high for short alignments. Use -T AUTO to determine best number of threads.
1147  rtREV+G4      1991.134     22  4026.268     4027.872     4124.897
WARNING: 20 threads for alignment length 38 will slow down analysis
WARNING: Number of threads seems too high for short alignments. Use -T AUTO to determine best number of threads.
1167  rtREV+F       1955.061     40  3990.122     3995.472     4169.446
WARNING: 20 threads for alignment length 38 will slow down analysis
WARNING: Number of threads seems too high for short alignments. Use -T AUTO to determine best number of threads.
1168  rtREV+F+I     1948.926     41  3979.853     3985.480     4163.660
WARNING: 20 threads for alignment length 38 will slow down analysis
WARNING: Number of threads seems too high for short alignments. Use -T AUTO to determine best number of threads.
1169  rtREV+F+G4    1952.355     41  3986.710     3992.337     4170.517
WARNING: 20 threads for alignment length 38 will slow down analysis
WARNING: Number of threads seems too high for short alignments. Use -T AUTO to determine best number of threads.
1189  cpREV         1978.096     21  3998.191     3999.653     4092.336
WARNING: 20 threads for alignment length 38 will slow down analysis
WARNING: Number of threads seems too high for short alignments. Use -T AUTO to determine best number of threads.
1190  cpREV+I       1972.288     22  3988.577     3990.181     4087.205
WARNING: 20 threads for alignment length 38 will slow down analysis
WARNING: Number of threads seems too high for short alignments. Use -T AUTO to determine best number of threads.
1191  cpREV+G4      1975.418     22  3994.835     3996.439     4093.464
WARNING: 20 threads for alignment length 38 will slow down analysis
WARNING: Number of threads seems too high for short alignments. Use -T AUTO to determine best number of threads.
1211  cpREV+F       1952.251     40  3984.503     3989.854     4163.827
WARNING: 20 threads for alignment length 38 will slow down analysis
WARNING: Number of threads seems too high for short alignments. Use -T AUTO to determine best number of threads.
1212  cpREV+F+I     1946.485     41  3974.969     3980.597     4158.777
WARNING: 20 threads for alignment length 38 will slow down analysis
WARNING: Number of threads seems too high for short alignments. Use -T AUTO to determine best number of threads.
1213  cpREV+F+G4    1949.574     41  3981.148     3986.776     4164.956
Akaike Information Criterion:           FLU+F+I
Corrected Akaike Information Criterion: JTT+I
Bayesian Information Criterion:         JTT+I
Best-fit model: JTT+I chosen according to BIC

All model information printed to /public/home/pangrui/huangshixuan/study/phagesnake/output/vB_VpP_AC2_0/4.TerL_phylogenetic_tree/TerL_tree/TerL.aln.model.gz
CPU time for ModelFinder: 4.732 seconds (0h:0m:4s)
Wall-clock time for ModelFinder: 1.017 seconds (0h:0m:1s)
Generating 1000 samples for ultrafast bootstrap (seed: 956131)...
WARNING: 20 threads for alignment length 38 will slow down analysis

NOTE: 0 MB RAM (0 GB) is required!
WARNING: Number of threads seems too high for short alignments. Use -T AUTO to determine best number of threads.
Estimate model parameters (epsilon = 0.100)
1. Initial log-likelihood: -1963.480
Optimal log-likelihood: -1963.462
Proportion of invariable sites: 0.978
Parameters optimization took 1 rounds (0.003 sec)
Wrote distance file to... 
Computing ML distances based on estimated model parameters...
Calculating distance matrix: done in 0.00249277 secs using 1969% CPU
Computing ML distances took 0.002867 sec (of wall-clock time) 0.053833 sec (of CPU time)
Setting up auxiliary I and S matrices: done in 0.00315113 secs using 499.6% CPU
Computing RapidNJ tree took 0.037685 sec (of wall-clock time) 0.196078 sec (of CPU time)
Log-likelihood of RapidNJ tree: -1963.464
--------------------------------------------------------------------
|             INITIALIZING CANDIDATE TREE SET                      |
--------------------------------------------------------------------
Generating 98 parsimony trees... 0.067 second
Computing log-likelihood of 98 initial trees ... 0.102 seconds
Current best score: -1963.461

Do NNI search on 20 best initial trees
Estimate model parameters (epsilon = 0.100)
BETTER TREE FOUND at iteration 1: -1963.455
Iteration 10 / LogL: -1963.461 / Time: 0h:0m:2s
Iteration 20 / LogL: -1963.455 / Time: 0h:0m:2s
Finish initializing candidate tree set (18)
Current best tree score: -1963.455 / CPU time: 1.213
Number of iterations: 20
--------------------------------------------------------------------
|               OPTIMIZING CANDIDATE TREE SET                      |
--------------------------------------------------------------------
UPDATE BEST LOG-LIKELIHOOD: -1963.455
Iteration 30 / LogL: -1971.603 / Time: 0h:0m:2s (0h:0m:3s left)
UPDATE BEST LOG-LIKELIHOOD: -1963.455
Iteration 40 / LogL: -1963.456 / Time: 0h:0m:3s (0h:0m:3s left)
Iteration 50 / LogL: -1963.456 / Time: 0h:0m:3s (0h:0m:2s left)
Log-likelihood cutoff on original alignment: -1984.297
BETTER TREE FOUND at iteration 55: -1963.454
UPDATE BEST LOG-LIKELIHOOD: -1963.454
Iteration 60 / LogL: -1963.464 / Time: 0h:0m:4s (0h:0m:4s left)
UPDATE BEST LOG-LIKELIHOOD: -1963.454
Iteration 70 / LogL: -1963.456 / Time: 0h:0m:4s (0h:0m:4s left)
BETTER TREE FOUND at iteration 71: -1963.454
Iteration 80 / LogL: -1963.455 / Time: 0h:0m:5s (0h:0m:4s left)
Iteration 90 / LogL: -1963.456 / Time: 0h:0m:5s (0h:0m:4s left)
BETTER TREE FOUND at iteration 94: -1963.454
Iteration 100 / LogL: -1963.455 / Time: 0h:0m:5s (0h:0m:4s left)
Log-likelihood cutoff on original alignment: -1984.140
NOTE: Bootstrap correlation coefficient of split occurrence frequencies: 0.966
NOTE: UFBoot does not converge, continue at least 100 more iterations
UPDATE BEST LOG-LIKELIHOOD: -1963.454
Iteration 110 / LogL: -1963.454 / Time: 0h:0m:6s (0h:0m:4s left)
Iteration 120 / LogL: -1963.454 / Time: 0h:0m:6s (0h:0m:3s left)
Iteration 130 / LogL: -1963.457 / Time: 0h:0m:7s (0h:0m:3s left)
Iteration 140 / LogL: -1963.455 / Time: 0h:0m:7s (0h:0m:2s left)
Iteration 150 / LogL: -1963.458 / Time: 0h:0m:8s (0h:0m:2s left)
Log-likelihood cutoff on original alignment: -1984.300
Iteration 160 / LogL: -1963.455 / Time: 0h:0m:8s (0h:0m:1s left)
Iteration 170 / LogL: -1963.457 / Time: 0h:0m:9s (0h:0m:1s left)
Iteration 180 / LogL: -1963.462 / Time: 0h:0m:9s (0h:0m:0s left)
Iteration 190 / LogL: -1963.456 / Time: 0h:0m:10s (0h:0m:0s left)
Iteration 200 / LogL: -1963.455 / Time: 0h:0m:10s (0h:0m:0s left)
Log-likelihood cutoff on original alignment: -1984.079
NOTE: Bootstrap correlation coefficient of split occurrence frequencies: 0.953
NOTE: UFBoot does not converge, continue at least 100 more iterations
BETTER TREE FOUND at iteration 203: -1963.454
Iteration 210 / LogL: -1963.455 / Time: 0h:0m:11s (0h:0m:4s left)
Iteration 220 / LogL: -1963.458 / Time: 0h:0m:11s (0h:0m:3s left)
Iteration 230 / LogL: -1963.455 / Time: 0h:0m:11s (0h:0m:3s left)
UPDATE BEST LOG-LIKELIHOOD: -1963.454
Iteration 240 / LogL: -1963.462 / Time: 0h:0m:12s (0h:0m:2s left)
Iteration 250 / LogL: -1963.454 / Time: 0h:0m:12s (0h:0m:2s left)
Log-likelihood cutoff on original alignment: -1985.359
Iteration 260 / LogL: -1963.454 / Time: 0h:0m:13s (0h:0m:2s left)
Iteration 270 / LogL: -1963.455 / Time: 0h:0m:13s (0h:0m:1s left)
Iteration 280 / LogL: -1963.454 / Time: 0h:0m:14s (0h:0m:1s left)
Iteration 290 / LogL: -1963.454 / Time: 0h:0m:14s (0h:0m:0s left)
Iteration 300 / LogL: -1963.455 / Time: 0h:0m:14s (0h:0m:0s left)
Log-likelihood cutoff on original alignment: -1985.373
NOTE: Bootstrap correlation coefficient of split occurrence frequencies: 0.979
NOTE: UFBoot does not converge, continue at least 100 more iterations
Iteration 310 / LogL: -1963.458 / Time: 0h:0m:15s (0h:0m:4s left)
Iteration 320 / LogL: -1963.454 / Time: 0h:0m:15s (0h:0m:3s left)
Iteration 330 / LogL: -1963.454 / Time: 0h:0m:16s (0h:0m:3s left)
Iteration 340 / LogL: -1963.454 / Time: 0h:0m:16s (0h:0m:2s left)
Iteration 350 / LogL: -1963.459 / Time: 0h:0m:17s (0h:0m:2s left)
Log-likelihood cutoff on original alignment: -1985.481
Iteration 360 / LogL: -1963.456 / Time: 0h:0m:17s (0h:0m:1s left)
Iteration 370 / LogL: -1963.456 / Time: 0h:0m:18s (0h:0m:1s left)
Iteration 380 / LogL: -1963.456 / Time: 0h:0m:18s (0h:0m:0s left)
Iteration 390 / LogL: -1963.459 / Time: 0h:0m:19s (0h:0m:0s left)
Iteration 400 / LogL: -1971.603 / Time: 0h:0m:19s (0h:0m:0s left)
Log-likelihood cutoff on original alignment: -1985.481
NOTE: Bootstrap correlation coefficient of split occurrence frequencies: 0.928
NOTE: UFBoot does not converge, continue at least 100 more iterations
Iteration 410 / LogL: -1963.549 / Time: 0h:0m:19s (0h:0m:4s left)
UPDATE BEST LOG-LIKELIHOOD: -1963.454
Iteration 420 / LogL: -1963.455 / Time: 0h:0m:20s (0h:0m:3s left)
UPDATE BEST LOG-LIKELIHOOD: -1963.454
Iteration 430 / LogL: -1963.459 / Time: 0h:0m:20s (0h:0m:3s left)
Iteration 440 / LogL: -1963.458 / Time: 0h:0m:21s (0h:0m:2s left)
Iteration 450 / LogL: -1963.457 / Time: 0h:0m:21s (0h:0m:2s left)
Log-likelihood cutoff on original alignment: -1985.481
Iteration 460 / LogL: -1963.455 / Time: 0h:0m:22s (0h:0m:1s left)
Iteration 470 / LogL: -1963.457 / Time: 0h:0m:22s (0h:0m:1s left)
Iteration 480 / LogL: -1963.459 / Time: 0h:0m:23s (0h:0m:0s left)
Iteration 490 / LogL: -1963.458 / Time: 0h:0m:23s (0h:0m:0s left)
Iteration 500 / LogL: -1963.454 / Time: 0h:0m:24s (0h:0m:0s left)
Log-likelihood cutoff on original alignment: -1985.875
NOTE: Bootstrap correlation coefficient of split occurrence frequencies: 0.960
NOTE: UFBoot does not converge, continue at least 100 more iterations
Iteration 510 / LogL: -1963.454 / Time: 0h:0m:24s (0h:0m:4s left)
Iteration 520 / LogL: -1963.454 / Time: 0h:0m:25s (0h:0m:3s left)
Iteration 530 / LogL: -1963.456 / Time: 0h:0m:25s (0h:0m:3s left)
Iteration 540 / LogL: -1963.456 / Time: 0h:0m:26s (0h:0m:2s left)
Iteration 550 / LogL: -1963.455 / Time: 0h:0m:26s (0h:0m:2s left)
Log-likelihood cutoff on original alignment: -1985.488
UPDATE BEST LOG-LIKELIHOOD: -1963.454
Iteration 560 / LogL: -1963.551 / Time: 0h:0m:27s (0h:0m:1s left)
Iteration 570 / LogL: -1963.462 / Time: 0h:0m:27s (0h:0m:1s left)
Iteration 580 / LogL: -1963.456 / Time: 0h:0m:27s (0h:0m:0s left)
Iteration 590 / LogL: -1963.455 / Time: 0h:0m:28s (0h:0m:0s left)
Iteration 600 / LogL: -1963.454 / Time: 0h:0m:28s (0h:0m:0s left)
Log-likelihood cutoff on original alignment: -1985.488
NOTE: Bootstrap correlation coefficient of split occurrence frequencies: 0.980
NOTE: UFBoot does not converge, continue at least 100 more iterations
Iteration 610 / LogL: -1971.602 / Time: 0h:0m:29s (0h:0m:4s left)
Iteration 620 / LogL: -1963.458 / Time: 0h:0m:29s (0h:0m:3s left)
Iteration 630 / LogL: -1963.457 / Time: 0h:0m:30s (0h:0m:3s left)
Iteration 640 / LogL: -1963.458 / Time: 0h:0m:30s (0h:0m:2s left)
Iteration 650 / LogL: -1963.455 / Time: 0h:0m:31s (0h:0m:2s left)
Log-likelihood cutoff on original alignment: -1985.467
Iteration 660 / LogL: -1963.456 / Time: 0h:0m:31s (0h:0m:1s left)
Iteration 670 / LogL: -1963.456 / Time: 0h:0m:31s (0h:0m:1s left)
Iteration 680 / LogL: -1963.459 / Time: 0h:0m:32s (0h:0m:0s left)
Iteration 690 / LogL: -1963.454 / Time: 0h:0m:33s (0h:0m:0s left)
Iteration 700 / LogL: -1963.455 / Time: 0h:0m:33s (0h:0m:0s left)
Log-likelihood cutoff on original alignment: -1985.467
NOTE: Bootstrap correlation coefficient of split occurrence frequencies: 0.993
TREE SEARCH COMPLETED AFTER 700 ITERATIONS / Time: 0h:0m:33s

--------------------------------------------------------------------
|                    FINALIZING TREE SEARCH                        |
--------------------------------------------------------------------
Performs final model parameters optimization
Estimate model parameters (epsilon = 0.010)
1. Initial log-likelihood: -1963.454
Optimal log-likelihood: -1963.454
Proportion of invariable sites: 0.978
Parameters optimization took 1 rounds (0.001 sec)
BEST SCORE FOUND : -1963.454
Creating bootstrap support values...
Split supports printed to NEXUS file /public/home/pangrui/huangshixuan/study/phagesnake/output/vB_VpP_AC2_0/4.TerL_phylogenetic_tree/TerL_tree/TerL.aln.splits.nex
Total tree length: 0.013

Total number of iterations: 700
CPU time used for tree search: 224.614 sec (0h:3m:44s)
Wall-clock time used for tree search: 32.511 sec (0h:0m:32s)
Total CPU time used: 229.977 sec (0h:3m:49s)
Total wall-clock time used: 33.640 sec (0h:0m:33s)

Computing bootstrap consensus tree...
Reading input file /public/home/pangrui/huangshixuan/study/phagesnake/output/vB_VpP_AC2_0/4.TerL_phylogenetic_tree/TerL_tree/TerL.aln.splits.nex...
12 taxa and 175 splits.
Consensus tree written to /public/home/pangrui/huangshixuan/study/phagesnake/output/vB_VpP_AC2_0/4.TerL_phylogenetic_tree/TerL_tree/TerL.aln.contree
Reading input trees file /public/home/pangrui/huangshixuan/study/phagesnake/output/vB_VpP_AC2_0/4.TerL_phylogenetic_tree/TerL_tree/TerL.aln.contree
Log-likelihood of consensus tree: -1963.468

Analysis results written to: 
  IQ-TREE report:                /public/home/pangrui/huangshixuan/study/phagesnake/output/vB_VpP_AC2_0/4.TerL_phylogenetic_tree/TerL_tree/TerL.aln.iqtree
  Maximum-likelihood tree:       /public/home/pangrui/huangshixuan/study/phagesnake/output/vB_VpP_AC2_0/4.TerL_phylogenetic_tree/TerL_tree/TerL.aln.treefile
  Likelihood distances:          /public/home/pangrui/huangshixuan/study/phagesnake/output/vB_VpP_AC2_0/4.TerL_phylogenetic_tree/TerL_tree/TerL.aln.mldist

Ultrafast bootstrap approximation results written to:
  Split support values:          /public/home/pangrui/huangshixuan/study/phagesnake/output/vB_VpP_AC2_0/4.TerL_phylogenetic_tree/TerL_tree/TerL.aln.splits.nex
  Consensus tree:                /public/home/pangrui/huangshixuan/study/phagesnake/output/vB_VpP_AC2_0/4.TerL_phylogenetic_tree/TerL_tree/TerL.aln.contree
  Screen log file:               /public/home/pangrui/huangshixuan/study/phagesnake/output/vB_VpP_AC2_0/4.TerL_phylogenetic_tree/TerL_tree/TerL.aln.log

Date and Time: Thu Jan  2 10:56:53 2025
